21:24:47 INFO  : Registering command handlers for SDK TCF services
21:24:48 INFO  : Launching XSCT server: xsct.bat -interactive C:\Working\MyS\Sistema_Sumador_IP\Sintesis\sistema_sumador.sdk\temp_xsdb_launch_script.tcl
21:24:51 INFO  : XSCT server has started successfully.
21:24:52 INFO  : Successfully done setting XSCT server connection channel  
21:24:52 INFO  : Successfully done setting SDK workspace  
21:24:52 INFO  : Processing command line option -hwspec C:/Working/MyS/Sistema_Sumador_IP/Sintesis/sistema_sumador.sdk/sistema_wrapper.hdf.
22:01:26 INFO  : Connected to target on host 'lseserver.ddns.net' and port '3121'.
22:01:51 INFO  : Connected to target on host 'lseserver.ddns.net' and port '3121'.
22:02:01 INFO  : Connected to target on host 'lseserver.ddns.net' and port '3121'.
22:05:45 INFO  : 'targets -set -filter {jtag_cable_name =~ "Digilent Arty Z7 003017A4C8ABA" && level==0} -index 1' command is executed.
22:05:45 INFO  : 'fpga -state' command is executed.
22:05:45 INFO  : Connected to target on host 'lseserver.ddns.net' and port '3121'.
22:05:45 WARN  : SDK version '2018.1' doesn't match hw_server version '2023.2'. Some debug features may not work.
22:05:47 INFO  : Jtag cable 'Digilent Arty Z7 003017A4C8ABA' is selected.
22:05:47 INFO  : 'jtag frequency' command is executed.
22:05:47 INFO  : Sourcing of 'C:/Working/MyS/Sistema_Sumador_IP/Sintesis/sistema_sumador.sdk/sistema_wrapper_hw_platform_0/ps7_init.tcl' is done.
22:05:47 INFO  : Context for 'APU' is selected.
22:05:48 INFO  : Hardware design information is loaded from 'C:/Working/MyS/Sistema_Sumador_IP/Sintesis/sistema_sumador.sdk/sistema_wrapper_hw_platform_0/system.hdf'.
22:05:48 INFO  : 'configparams force-mem-access 1' command is executed.
22:05:48 INFO  : Context for 'APU' is selected.
22:05:48 INFO  : 'stop' command is executed.
22:05:59 INFO  : 'ps7_init' command is executed.
22:05:59 INFO  : 'ps7_post_config' command is executed.
22:05:59 INFO  : Context for processor 'ps7_cortexa9_0' is selected.
22:05:59 INFO  : Processor reset is completed for 'ps7_cortexa9_0'.
22:05:59 INFO  : Context for processor 'ps7_cortexa9_0' is selected.
22:05:59 INFO  : The application 'C:/Working/MyS/Sistema_Sumador_IP/Sintesis/sistema_sumador.sdk/sum/Debug/sum.elf' is downloaded to processor 'ps7_cortexa9_0'.
22:05:59 INFO  : 'configparams force-mem-access 0' command is executed.
22:05:59 INFO  : ----------------XSDB Script----------------
connect -url tcp:lseserver.ddns.net:3121
source C:/Working/MyS/Sistema_Sumador_IP/Sintesis/sistema_sumador.sdk/sistema_wrapper_hw_platform_0/ps7_init.tcl
targets -set -nocase -filter {name =~"APU*" && jtag_cable_name =~ "Digilent Arty Z7 003017A4C8ABA"} -index 0
loadhw -hw C:/Working/MyS/Sistema_Sumador_IP/Sintesis/sistema_sumador.sdk/sistema_wrapper_hw_platform_0/system.hdf -mem-ranges [list {0x40000000 0xbfffffff}]
configparams force-mem-access 1
targets -set -nocase -filter {name =~"APU*" && jtag_cable_name =~ "Digilent Arty Z7 003017A4C8ABA"} -index 0
stop
ps7_init
ps7_post_config
targets -set -nocase -filter {name =~ "ARM*#0" && jtag_cable_name =~ "Digilent Arty Z7 003017A4C8ABA"} -index 0
rst -processor
targets -set -nocase -filter {name =~ "ARM*#0" && jtag_cable_name =~ "Digilent Arty Z7 003017A4C8ABA"} -index 0
dow C:/Working/MyS/Sistema_Sumador_IP/Sintesis/sistema_sumador.sdk/sum/Debug/sum.elf
configparams force-mem-access 0
----------------End of Script----------------

22:06:00 INFO  : Memory regions updated for context APU
22:06:00 INFO  : Context for processor 'ps7_cortexa9_0' is selected.
22:06:00 INFO  : 'con' command is executed.
22:06:00 INFO  : ----------------XSDB Script (After Launch)----------------
targets -set -nocase -filter {name =~ "ARM*#0" && jtag_cable_name =~ "Digilent Arty Z7 003017A4C8ABA"} -index 0
con
----------------End of Script----------------

22:06:00 INFO  : Launch script is exported to file 'C:\Working\MyS\Sistema_Sumador_IP\Sintesis\sistema_sumador.sdk\.sdk\launch_scripts\xilinx_c-c++_application_(system_debugger)\system_debugger_using_debug_sum.elf_on_local.tcl'
22:16:51 INFO  : Disconnected from the channel tcfchan#1.
