19:53:52 INFO  : Registering command handlers for SDK TCF services
19:53:52 INFO  : Launching XSCT server: xsct.bat -interactive C:\Working\MyS\lab1\lab1\lab1.sdk\temp_xsdb_launch_script.tcl
19:53:57 INFO  : XSCT server has started successfully.
19:53:57 INFO  : Successfully done setting XSCT server connection channel  
19:53:58 INFO  : Successfully done setting SDK workspace  
19:53:58 INFO  : Processing command line option -hwspec C:/Working/MyS/lab1/lab1/lab1.sdk/system_wrapper.hdf.
20:14:28 INFO  : Connected to target on host 'lseserver.ddns.net' and port '3121'.
20:15:41 INFO  : Connected to target on host 'lseserver.ddns.net' and port '3121'.
20:16:33 INFO  : Connected to target on host 'lseserver.ddns.net' and port '3121'.
20:16:56 INFO  : Connected through redirection to target on host 'lseserver.ddns.net' and port '3121'.
20:16:56 WARN  : SDK version '2018.1' doesn't match hw_server version '2023.2'. Some debug features may not work.
20:17:08 INFO  : Jtag cable 'Digilent Arty Z7 003017A4C81CA' is selected.
20:17:09 INFO  : 'jtag frequency' command is executed.
20:17:09 INFO  : Sourcing of 'C:/Working/MyS/lab1/lab1/lab1.sdk/system_wrapper_hw_platform_0/ps7_init.tcl' is done.
20:17:11 INFO  : Context for 'APU' is selected.
20:17:13 INFO  : Hardware design information is loaded from 'C:/Working/MyS/lab1/lab1/lab1.sdk/system_wrapper_hw_platform_0/system.hdf'.
20:17:13 INFO  : 'configparams force-mem-access 1' command is executed.
20:17:14 INFO  : Context for 'APU' is selected.
20:17:14 INFO  : 'stop' command is executed.
20:17:29 INFO  : 'ps7_init' command is executed.
20:17:30 INFO  : 'ps7_post_config' command is executed.
20:17:30 INFO  : Context for processor 'ps7_cortexa9_0' is selected.
20:17:30 INFO  : Processor reset is completed for 'ps7_cortexa9_0'.
20:17:30 INFO  : Context for processor 'ps7_cortexa9_0' is selected.
20:17:31 INFO  : The application 'C:/Working/MyS/lab1/lab1/lab1.sdk/mem_test/Debug/mem_test.elf' is downloaded to processor 'ps7_cortexa9_0'.
20:17:31 INFO  : 'configparams force-mem-access 0' command is executed.
20:17:31 INFO  : ----------------XSDB Script----------------
connect -path [list tcp::1534 tcp:lseserver.ddns.net:3121]
source C:/Working/MyS/lab1/lab1/lab1.sdk/system_wrapper_hw_platform_0/ps7_init.tcl
targets -set -nocase -filter {name =~"APU*" && jtag_cable_name =~ "Digilent Arty Z7 003017A4C81CA"} -index 0
loadhw -hw C:/Working/MyS/lab1/lab1/lab1.sdk/system_wrapper_hw_platform_0/system.hdf -mem-ranges [list {0x40000000 0xbfffffff}]
configparams force-mem-access 1
targets -set -nocase -filter {name =~"APU*" && jtag_cable_name =~ "Digilent Arty Z7 003017A4C81CA"} -index 0
stop
ps7_init
ps7_post_config
targets -set -nocase -filter {name =~ "ARM*#0" && jtag_cable_name =~ "Digilent Arty Z7 003017A4C81CA"} -index 0
rst -processor
targets -set -nocase -filter {name =~ "ARM*#0" && jtag_cable_name =~ "Digilent Arty Z7 003017A4C81CA"} -index 0
dow C:/Working/MyS/lab1/lab1/lab1.sdk/mem_test/Debug/mem_test.elf
configparams force-mem-access 0
----------------End of Script----------------

20:17:31 INFO  : Context for processor 'ps7_cortexa9_0' is selected.
20:17:31 INFO  : 'con' command is executed.
20:17:31 INFO  : ----------------XSDB Script (After Launch)----------------
targets -set -nocase -filter {name =~ "ARM*#0" && jtag_cable_name =~ "Digilent Arty Z7 003017A4C81CA"} -index 0
con
----------------End of Script----------------

20:17:31 INFO  : Launch script is exported to file 'C:\Working\MyS\lab1\lab1\lab1.sdk\.sdk\launch_scripts\xilinx_c-c++_application_(system_debugger)\system_debugger_using_debug_mem_test.elf_on_local.tcl'
21:47:09 INFO  : Disconnected from the channel tcfchan#2.
21:47:10 INFO  : Connected through redirection to target on host 'lseserver.ddns.net' and port '3121'.
21:47:10 WARN  : SDK version '2018.1' doesn't match hw_server version '2023.2'. Some debug features may not work.
21:47:13 INFO  : Jtag cable 'Digilent Arty Z7 003017A4C81CA' is selected.
21:47:13 INFO  : 'jtag frequency' command is executed.
21:47:13 INFO  : Sourcing of 'C:/Working/MyS/lab1/lab1/lab1.sdk/system_wrapper_hw_platform_0/ps7_init.tcl' is done.
21:47:13 INFO  : Context for 'APU' is selected.
21:47:15 INFO  : Hardware design information is loaded from 'C:/Working/MyS/lab1/lab1/lab1.sdk/system_wrapper_hw_platform_0/system.hdf'.
21:47:15 INFO  : 'configparams force-mem-access 1' command is executed.
21:47:15 INFO  : Context for 'APU' is selected.
21:47:16 INFO  : 'stop' command is executed.
21:47:26 INFO  : 'ps7_init' command is executed.
21:47:26 INFO  : 'ps7_post_config' command is executed.
21:47:26 INFO  : Context for processor 'ps7_cortexa9_0' is selected.
21:47:27 INFO  : Processor reset is completed for 'ps7_cortexa9_0'.
21:47:27 INFO  : Context for processor 'ps7_cortexa9_0' is selected.
21:47:27 INFO  : The application 'C:/Working/MyS/lab1/lab1/lab1.sdk/mem_test/Debug/mem_test.elf' is downloaded to processor 'ps7_cortexa9_0'.
21:47:27 INFO  : 'configparams force-mem-access 0' command is executed.
21:47:27 INFO  : ----------------XSDB Script----------------
connect -path [list tcp::1534 tcp:lseserver.ddns.net:3121]
source C:/Working/MyS/lab1/lab1/lab1.sdk/system_wrapper_hw_platform_0/ps7_init.tcl
targets -set -nocase -filter {name =~"APU*" && jtag_cable_name =~ "Digilent Arty Z7 003017A4C81CA"} -index 0
loadhw -hw C:/Working/MyS/lab1/lab1/lab1.sdk/system_wrapper_hw_platform_0/system.hdf -mem-ranges [list {0x40000000 0xbfffffff}]
configparams force-mem-access 1
targets -set -nocase -filter {name =~"APU*" && jtag_cable_name =~ "Digilent Arty Z7 003017A4C81CA"} -index 0
stop
ps7_init
ps7_post_config
targets -set -nocase -filter {name =~ "ARM*#0" && jtag_cable_name =~ "Digilent Arty Z7 003017A4C81CA"} -index 0
rst -processor
targets -set -nocase -filter {name =~ "ARM*#0" && jtag_cable_name =~ "Digilent Arty Z7 003017A4C81CA"} -index 0
dow C:/Working/MyS/lab1/lab1/lab1.sdk/mem_test/Debug/mem_test.elf
configparams force-mem-access 0
----------------End of Script----------------

21:47:28 INFO  : Context for processor 'ps7_cortexa9_0' is selected.
21:47:28 INFO  : 'con' command is executed.
21:47:28 INFO  : ----------------XSDB Script (After Launch)----------------
targets -set -nocase -filter {name =~ "ARM*#0" && jtag_cable_name =~ "Digilent Arty Z7 003017A4C81CA"} -index 0
con
----------------End of Script----------------

21:47:28 INFO  : Launch script is exported to file 'C:\Working\MyS\lab1\lab1\lab1.sdk\.sdk\launch_scripts\xilinx_c-c++_application_(system_debugger)\system_debugger_using_debug_mem_test.elf_on_local.tcl'
22:27:45 INFO  : Disconnected from the channel tcfchan#3.
22:27:46 INFO  : Connected through redirection to target on host 'lseserver.ddns.net' and port '3121'.
22:27:47 WARN  : SDK version '2018.1' doesn't match hw_server version '2023.2'. Some debug features may not work.
22:27:49 INFO  : Jtag cable 'Digilent Arty Z7 003017A4C81CA' is selected.
22:27:49 INFO  : 'jtag frequency' command is executed.
22:27:49 INFO  : Sourcing of 'C:/Working/MyS/lab1/lab1/lab1.sdk/system_wrapper_hw_platform_0/ps7_init.tcl' is done.
22:27:51 INFO  : Context for 'APU' is selected.
22:27:54 INFO  : Hardware design information is loaded from 'C:/Working/MyS/lab1/lab1/lab1.sdk/system_wrapper_hw_platform_0/system.hdf'.
22:27:54 INFO  : 'configparams force-mem-access 1' command is executed.
22:27:54 INFO  : Context for 'APU' is selected.
22:27:54 INFO  : 'stop' command is executed.
22:28:05 INFO  : 'ps7_init' command is executed.
22:28:06 INFO  : 'ps7_post_config' command is executed.
22:28:06 INFO  : Context for processor 'ps7_cortexa9_0' is selected.
22:28:06 INFO  : Processor reset is completed for 'ps7_cortexa9_0'.
22:28:06 INFO  : Context for processor 'ps7_cortexa9_0' is selected.
22:28:06 INFO  : The application 'C:/Working/MyS/lab1/lab1/lab1.sdk/mem_test/Debug/mem_test.elf' is downloaded to processor 'ps7_cortexa9_0'.
22:28:06 INFO  : 'configparams force-mem-access 0' command is executed.
22:28:06 INFO  : ----------------XSDB Script----------------
connect -path [list tcp::1534 tcp:lseserver.ddns.net:3121]
source C:/Working/MyS/lab1/lab1/lab1.sdk/system_wrapper_hw_platform_0/ps7_init.tcl
targets -set -nocase -filter {name =~"APU*" && jtag_cable_name =~ "Digilent Arty Z7 003017A4C81CA"} -index 0
loadhw -hw C:/Working/MyS/lab1/lab1/lab1.sdk/system_wrapper_hw_platform_0/system.hdf -mem-ranges [list {0x40000000 0xbfffffff}]
configparams force-mem-access 1
targets -set -nocase -filter {name =~"APU*" && jtag_cable_name =~ "Digilent Arty Z7 003017A4C81CA"} -index 0
stop
ps7_init
ps7_post_config
targets -set -nocase -filter {name =~ "ARM*#0" && jtag_cable_name =~ "Digilent Arty Z7 003017A4C81CA"} -index 0
rst -processor
targets -set -nocase -filter {name =~ "ARM*#0" && jtag_cable_name =~ "Digilent Arty Z7 003017A4C81CA"} -index 0
dow C:/Working/MyS/lab1/lab1/lab1.sdk/mem_test/Debug/mem_test.elf
configparams force-mem-access 0
----------------End of Script----------------

22:28:07 INFO  : Context for processor 'ps7_cortexa9_0' is selected.
22:28:07 INFO  : 'con' command is executed.
22:28:07 INFO  : ----------------XSDB Script (After Launch)----------------
targets -set -nocase -filter {name =~ "ARM*#0" && jtag_cable_name =~ "Digilent Arty Z7 003017A4C81CA"} -index 0
con
----------------End of Script----------------

22:28:07 INFO  : Launch script is exported to file 'C:\Working\MyS\lab1\lab1\lab1.sdk\.sdk\launch_scripts\xilinx_c-c++_application_(system_debugger)\system_debugger_using_debug_mem_test.elf_on_local.tcl'
22:31:25 INFO  : Disconnected from the channel tcfchan#4.
22:32:41 INFO  : Launching XSCT server: xsct.bat -interactive C:\Working\MyS\lab1\lab1\lab1.sdk\temp_xsdb_launch_script.tcl
22:32:43 INFO  : XSCT server has started successfully.
22:32:47 INFO  : Successfully done setting XSCT server connection channel  
22:32:47 INFO  : Successfully done setting SDK workspace  
22:32:49 INFO  : Registering command handlers for SDK TCF services
22:32:51 INFO  : Processing command line option -hwspec C:/Working/MyS/lab1/lab1/lab1.sdk/system_wrapper.hdf.
22:32:51 INFO  : Checking for hwspec changes in the project system_wrapper_hw_platform_0.
12:31:22 INFO  : Registering command handlers for SDK TCF services
12:31:23 INFO  : Launching XSCT server: xsct.bat -interactive C:\Working\MyS\lab2\Sintesis\lab2.sdk\temp_xsdb_launch_script.tcl
12:31:28 INFO  : XSCT server has started successfully.
12:31:29 INFO  : Successfully done setting XSCT server connection channel  
12:31:29 INFO  : Successfully done setting SDK workspace  
12:31:29 INFO  : Processing command line option -hwspec C:/Working/MyS/lab2/Sintesis/lab2.sdk/system_wrapper.hdf.
13:00:43 INFO  : Connected to target on host 'lseserver.ddns.net' and port '3121'.
13:00:48 INFO  : Connected to target on host 'lseserver.ddns.net' and port '3121'.
13:01:18 INFO  : Connected to target on host 'lseserver.ddns.net' and port '3121'.
13:07:41 INFO  : 'targets -set -filter {jtag_cable_name =~ "Digilent Arty Z7 003017A4C81CA" && level==0} -index 1' command is executed.
13:07:41 INFO  : 'fpga -state' command is executed.
13:07:42 INFO  : Connected through redirection to target on host 'lseserver.ddns.net' and port '3121'.
13:07:42 WARN  : SDK version '2018.1' doesn't match hw_server version '2023.2'. Some debug features may not work.
13:07:55 INFO  : Jtag cable 'Digilent Arty Z7 003017A4C81CA' is selected.
13:07:55 INFO  : 'jtag frequency' command is executed.
13:07:55 INFO  : Sourcing of 'C:/Working/MyS/lab2/Sintesis/lab2.sdk/system_wrapper_hw_platform_1/ps7_init.tcl' is done.
13:07:55 INFO  : Context for 'APU' is selected.
13:07:55 INFO  : Hardware design information is loaded from 'C:/Working/MyS/lab2/Sintesis/lab2.sdk/system_wrapper_hw_platform_1/system.hdf'.
13:07:55 INFO  : 'configparams force-mem-access 1' command is executed.
13:07:56 INFO  : Context for 'APU' is selected.
13:07:56 INFO  : 'stop' command is executed.
13:08:58 INFO  : 'ps7_init' command is executed.
13:08:59 INFO  : 'ps7_post_config' command is executed.
13:09:00 INFO  : Context for processor 'ps7_cortexa9_0' is selected.
13:09:00 INFO  : Processor reset is completed for 'ps7_cortexa9_0'.
13:09:00 INFO  : Context for processor 'ps7_cortexa9_0' is selected.
13:09:02 ERROR : Memory write error at 0x100000. AP transaction timeout
13:09:02 INFO  : ----------------XSDB Script----------------
connect -path [list tcp::1534 tcp:lseserver.ddns.net:3121]
source C:/Working/MyS/lab2/Sintesis/lab2.sdk/system_wrapper_hw_platform_1/ps7_init.tcl
targets -set -nocase -filter {name =~"APU*" && jtag_cable_name =~ "Digilent Arty Z7 003017A4C81CA"} -index 0
loadhw -hw C:/Working/MyS/lab2/Sintesis/lab2.sdk/system_wrapper_hw_platform_1/system.hdf -mem-ranges [list {0x40000000 0xbfffffff}]
configparams force-mem-access 1
targets -set -nocase -filter {name =~"APU*" && jtag_cable_name =~ "Digilent Arty Z7 003017A4C81CA"} -index 0
stop
ps7_init
ps7_post_config
targets -set -nocase -filter {name =~ "ARM*#0" && jtag_cable_name =~ "Digilent Arty Z7 003017A4C81CA"} -index 0
rst -processor
targets -set -nocase -filter {name =~ "ARM*#0" && jtag_cable_name =~ "Digilent Arty Z7 003017A4C81CA"} -index 0
dow C:/Working/MyS/lab2/Sintesis/lab2.sdk/TestApp/Debug/TestApp.elf
----------------End of Script----------------

13:09:38 INFO  : Connected to target on host 'lseserver.ddns.net' and port '3121'.
13:11:30 INFO  : Connected to target on host 'lseserver.ddns.net' and port '3121'.
13:11:30 INFO  : 'targets -set -filter {jtag_cable_name =~ "Digilent Arty Z7 003017A4C81CA" && level==0} -index 1' command is executed.
13:11:34 INFO  : FPGA configured successfully with bitstream "C:/Working/MyS/lab2/Sintesis/lab2.sdk/system_wrapper_hw_platform_1/system_wrapper.bit"
13:24:48 INFO  : 'targets -set -filter {jtag_cable_name =~ "Digilent Arty Z7 003017A4C81CA" && level==0} -index 1' command is executed.
13:24:48 INFO  : 'fpga -state' command is executed.
13:24:48 INFO  : Connected through redirection to target on host 'lseserver.ddns.net' and port '3121'.
13:24:48 WARN  : SDK version '2018.1' doesn't match hw_server version '2023.2'. Some debug features may not work.
13:24:51 INFO  : Jtag cable 'Digilent Arty Z7 003017A4C81CA' is selected.
13:24:51 INFO  : 'jtag frequency' command is executed.
13:24:51 INFO  : Sourcing of 'C:/Working/MyS/lab2/Sintesis/lab2.sdk/system_wrapper_hw_platform_1/ps7_init.tcl' is done.
13:24:51 INFO  : Context for 'APU' is selected.
13:24:51 INFO  : Hardware design information is loaded from 'C:/Working/MyS/lab2/Sintesis/lab2.sdk/system_wrapper_hw_platform_1/system.hdf'.
13:24:51 INFO  : 'configparams force-mem-access 1' command is executed.
13:24:52 INFO  : Context for 'APU' is selected.
13:24:52 INFO  : 'stop' command is executed.
13:25:06 ERROR : Memory write error at 0xF8000B68. Blocked address 0xF8000B68. AHB AP transaction error, DAP status 0xF0000021
13:25:06 INFO  : ----------------XSDB Script----------------
connect -path [list tcp::1534 tcp:lseserver.ddns.net:3121]
source C:/Working/MyS/lab2/Sintesis/lab2.sdk/system_wrapper_hw_platform_1/ps7_init.tcl
targets -set -nocase -filter {name =~"APU*" && jtag_cable_name =~ "Digilent Arty Z7 003017A4C81CA"} -index 0
loadhw -hw C:/Working/MyS/lab2/Sintesis/lab2.sdk/system_wrapper_hw_platform_1/system.hdf -mem-ranges [list {0x40000000 0xbfffffff}]
configparams force-mem-access 1
targets -set -nocase -filter {name =~"APU*" && jtag_cable_name =~ "Digilent Arty Z7 003017A4C81CA"} -index 0
stop
ps7_init
----------------End of Script----------------

13:25:56 INFO  : 'targets -set -filter {jtag_cable_name =~ "Digilent Arty Z7 003017A4C81CA" && level==0} -index 1' command is executed.
13:25:56 INFO  : 'fpga -state' command is executed.
13:25:56 INFO  : Connected through redirection to target on host 'lseserver.ddns.net' and port '3121'.
13:25:57 WARN  : SDK version '2018.1' doesn't match hw_server version '2023.2'. Some debug features may not work.
13:26:03 INFO  : Jtag cable 'Digilent Arty Z7 003017A4C81CA' is selected.
13:26:03 INFO  : 'jtag frequency' command is executed.
13:26:03 INFO  : Sourcing of 'C:/Working/MyS/lab2/Sintesis/lab2.sdk/system_wrapper_hw_platform_1/ps7_init.tcl' is done.
13:26:04 INFO  : Context for 'APU' is selected.
13:26:05 INFO  : Hardware design information is loaded from 'C:/Working/MyS/lab2/Sintesis/lab2.sdk/system_wrapper_hw_platform_1/system.hdf'.
13:26:05 INFO  : 'configparams force-mem-access 1' command is executed.
13:26:05 INFO  : Context for 'APU' is selected.
13:26:05 INFO  : 'stop' command is executed.
13:26:06 ERROR : Memory read error at 0xF8007080. AHB AP transaction error, DAP status 0xF0000021
13:26:06 INFO  : ----------------XSDB Script----------------
connect -path [list tcp::1534 tcp:lseserver.ddns.net:3121]
source C:/Working/MyS/lab2/Sintesis/lab2.sdk/system_wrapper_hw_platform_1/ps7_init.tcl
targets -set -nocase -filter {name =~"APU*" && jtag_cable_name =~ "Digilent Arty Z7 003017A4C81CA"} -index 0
loadhw -hw C:/Working/MyS/lab2/Sintesis/lab2.sdk/system_wrapper_hw_platform_1/system.hdf -mem-ranges [list {0x40000000 0xbfffffff}]
configparams force-mem-access 1
targets -set -nocase -filter {name =~"APU*" && jtag_cable_name =~ "Digilent Arty Z7 003017A4C81CA"} -index 0
stop
ps7_init
----------------End of Script----------------

13:30:05 INFO  : 'targets -set -filter {jtag_cable_name =~ "Digilent Arty Z7 003017A4C81CA" && level==0} -index 1' command is executed.
13:30:06 INFO  : 'fpga -state' command is executed.
13:30:06 INFO  : Connected through redirection to target on host 'lseserver.ddns.net' and port '3121'.
13:30:06 WARN  : SDK version '2018.1' doesn't match hw_server version '2023.2'. Some debug features may not work.
13:30:08 INFO  : Jtag cable 'Digilent Arty Z7 003017A4C81CA' is selected.
13:30:08 INFO  : 'jtag frequency' command is executed.
13:30:08 INFO  : Sourcing of 'C:/Working/MyS/lab2/Sintesis/lab2.sdk/system_wrapper_hw_platform_1/ps7_init.tcl' is done.
13:30:08 INFO  : Context for 'APU' is selected.
13:30:08 INFO  : Hardware design information is loaded from 'C:/Working/MyS/lab2/Sintesis/lab2.sdk/system_wrapper_hw_platform_1/system.hdf'.
13:30:08 INFO  : 'configparams force-mem-access 1' command is executed.
13:30:08 INFO  : Context for 'APU' is selected.
13:30:09 INFO  : 'stop' command is executed.
13:30:09 ERROR : Memory read error at 0xF8007080. AHB AP transaction error, DAP status 0xF0000021
13:30:09 INFO  : ----------------XSDB Script----------------
connect -path [list tcp::1534 tcp:lseserver.ddns.net:3121]
source C:/Working/MyS/lab2/Sintesis/lab2.sdk/system_wrapper_hw_platform_1/ps7_init.tcl
targets -set -nocase -filter {name =~"APU*" && jtag_cable_name =~ "Digilent Arty Z7 003017A4C81CA"} -index 0
loadhw -hw C:/Working/MyS/lab2/Sintesis/lab2.sdk/system_wrapper_hw_platform_1/system.hdf -mem-ranges [list {0x40000000 0xbfffffff}]
configparams force-mem-access 1
targets -set -nocase -filter {name =~"APU*" && jtag_cable_name =~ "Digilent Arty Z7 003017A4C81CA"} -index 0
stop
ps7_init
----------------End of Script----------------

13:31:39 INFO  : 'targets -set -filter {jtag_cable_name =~ "Digilent Arty Z7 003017A4C81CA" && level==0} -index 1' command is executed.
13:31:39 INFO  : 'fpga -state' command is executed.
13:31:39 INFO  : Connected through redirection to target on host 'lseserver.ddns.net' and port '3121'.
13:31:39 WARN  : SDK version '2018.1' doesn't match hw_server version '2023.2'. Some debug features may not work.
13:31:41 INFO  : Jtag cable 'Digilent Arty Z7 003017A4C81CA' is selected.
13:31:41 INFO  : 'jtag frequency' command is executed.
13:31:41 INFO  : Sourcing of 'C:/Working/MyS/lab2/Sintesis/lab2.sdk/system_wrapper_hw_platform_1/ps7_init.tcl' is done.
13:31:41 INFO  : Context for 'APU' is selected.
13:31:41 INFO  : Hardware design information is loaded from 'C:/Working/MyS/lab2/Sintesis/lab2.sdk/system_wrapper_hw_platform_1/system.hdf'.
13:31:41 INFO  : 'configparams force-mem-access 1' command is executed.
13:31:41 INFO  : Context for 'APU' is selected.
13:31:42 INFO  : 'stop' command is executed.
13:31:42 ERROR : Memory read error at 0xF8007080. AHB AP transaction error, DAP status 0xF0000021
13:31:42 INFO  : ----------------XSDB Script----------------
connect -path [list tcp::1534 tcp:lseserver.ddns.net:3121]
source C:/Working/MyS/lab2/Sintesis/lab2.sdk/system_wrapper_hw_platform_1/ps7_init.tcl
targets -set -nocase -filter {name =~"APU*" && jtag_cable_name =~ "Digilent Arty Z7 003017A4C81CA"} -index 0
loadhw -hw C:/Working/MyS/lab2/Sintesis/lab2.sdk/system_wrapper_hw_platform_1/system.hdf -mem-ranges [list {0x40000000 0xbfffffff}]
configparams force-mem-access 1
targets -set -nocase -filter {name =~"APU*" && jtag_cable_name =~ "Digilent Arty Z7 003017A4C81CA"} -index 0
stop
ps7_init
----------------End of Script----------------

13:36:16 INFO  : Connected to target on host 'lseserver.ddns.net' and port '3121'.
13:36:25 INFO  : Connected to target on host 'lseserver.ddns.net' and port '3121'.
13:36:33 INFO  : Connected to target on host 'lseserver.ddns.net' and port '3121'.
13:36:40 INFO  : Connected to target on host 'lseserver.ddns.net' and port '3121'.
13:36:49 INFO  : 'targets -set -filter {jtag_cable_name =~ "Digilent Arty Z7 003017A4C8ABA" && level==0} -index 1' command is executed.
13:36:49 INFO  : 'fpga -state' command is executed.
13:36:49 INFO  : Connected through redirection to target on host 'lseserver.ddns.net' and port '3121'.
13:36:50 WARN  : SDK version '2018.1' doesn't match hw_server version '2023.2'. Some debug features may not work.
13:36:51 INFO  : Jtag cable 'Digilent Arty Z7 003017A4C8ABA' is selected.
13:36:52 INFO  : 'jtag frequency' command is executed.
13:36:52 INFO  : Sourcing of 'C:/Working/MyS/lab2/Sintesis/lab2.sdk/system_wrapper_hw_platform_1/ps7_init.tcl' is done.
13:36:52 INFO  : Context for 'APU' is selected.
13:36:52 INFO  : Hardware design information is loaded from 'C:/Working/MyS/lab2/Sintesis/lab2.sdk/system_wrapper_hw_platform_1/system.hdf'.
13:36:52 INFO  : 'configparams force-mem-access 1' command is executed.
13:36:53 INFO  : Context for 'APU' is selected.
13:36:53 INFO  : 'stop' command is executed.
13:38:47 INFO  : 'ps7_init' command is executed.
13:38:51 INFO  : 'ps7_post_config' command is executed.
13:38:51 INFO  : Context for processor 'ps7_cortexa9_0' is selected.
13:38:51 INFO  : Processor reset is completed for 'ps7_cortexa9_0'.
13:38:52 INFO  : Context for processor 'ps7_cortexa9_0' is selected.
13:38:55 INFO  : The application 'C:/Working/MyS/lab2/Sintesis/lab2.sdk/TestApp/Debug/TestApp.elf' is downloaded to processor 'ps7_cortexa9_0'.
13:38:55 INFO  : 'configparams force-mem-access 0' command is executed.
13:38:55 INFO  : ----------------XSDB Script----------------
connect -path [list tcp::1534 tcp:lseserver.ddns.net:3121]
source C:/Working/MyS/lab2/Sintesis/lab2.sdk/system_wrapper_hw_platform_1/ps7_init.tcl
targets -set -nocase -filter {name =~"APU*" && jtag_cable_name =~ "Digilent Arty Z7 003017A4C8ABA"} -index 0
loadhw -hw C:/Working/MyS/lab2/Sintesis/lab2.sdk/system_wrapper_hw_platform_1/system.hdf -mem-ranges [list {0x40000000 0xbfffffff}]
configparams force-mem-access 1
targets -set -nocase -filter {name =~"APU*" && jtag_cable_name =~ "Digilent Arty Z7 003017A4C8ABA"} -index 0
stop
ps7_init
ps7_post_config
targets -set -nocase -filter {name =~ "ARM*#0" && jtag_cable_name =~ "Digilent Arty Z7 003017A4C8ABA"} -index 0
rst -processor
targets -set -nocase -filter {name =~ "ARM*#0" && jtag_cable_name =~ "Digilent Arty Z7 003017A4C8ABA"} -index 0
dow C:/Working/MyS/lab2/Sintesis/lab2.sdk/TestApp/Debug/TestApp.elf
configparams force-mem-access 0
----------------End of Script----------------

13:38:57 INFO  : Memory regions updated for context APU
13:38:58 INFO  : Context for processor 'ps7_cortexa9_0' is selected.
13:38:58 INFO  : 'con' command is executed.
13:38:58 INFO  : ----------------XSDB Script (After Launch)----------------
targets -set -nocase -filter {name =~ "ARM*#0" && jtag_cable_name =~ "Digilent Arty Z7 003017A4C8ABA"} -index 0
con
----------------End of Script----------------

13:38:58 INFO  : Launch script is exported to file 'C:\Working\MyS\lab2\Sintesis\lab2.sdk\.sdk\launch_scripts\xilinx_c-c++_application_(system_debugger)\system_debugger_using_debug_testapp.elf_on_local.tcl'
13:45:42 INFO  : Connected to target on host 'lseserver.ddns.net' and port '3121'.
13:45:49 INFO  : Connected to target on host 'lseserver.ddns.net' and port '3121'.
13:45:50 INFO  : 'targets -set -filter {jtag_cable_name =~ "Digilent Arty Z7 003017A4C8ABA" && level==0} -index 1' command is executed.
13:45:54 INFO  : FPGA configured successfully with bitstream "C:/Working/MyS/lab2/Sintesis/lab2.sdk/system_wrapper_hw_platform_1/system_wrapper.bit"
13:46:16 INFO  : Disconnected from the channel tcfchan#2.
13:46:18 INFO  : 'targets -set -filter {jtag_cable_name =~ "Digilent Arty Z7 003017A4C8ABA" && level==0} -index 1' command is executed.
13:46:19 INFO  : 'fpga -state' command is executed.
13:46:19 INFO  : Connected through redirection to target on host 'lseserver.ddns.net' and port '3121'.
13:46:20 WARN  : SDK version '2018.1' doesn't match hw_server version '2023.2'. Some debug features may not work.
13:46:23 INFO  : Jtag cable 'Digilent Arty Z7 003017A4C8ABA' is selected.
13:46:23 INFO  : 'jtag frequency' command is executed.
13:46:23 INFO  : Sourcing of 'C:/Working/MyS/lab2/Sintesis/lab2.sdk/system_wrapper_hw_platform_1/ps7_init.tcl' is done.
13:46:24 INFO  : Context for 'APU' is selected.
13:46:25 INFO  : Hardware design information is loaded from 'C:/Working/MyS/lab2/Sintesis/lab2.sdk/system_wrapper_hw_platform_1/system.hdf'.
13:46:25 INFO  : 'configparams force-mem-access 1' command is executed.
13:46:25 INFO  : Context for 'APU' is selected.
13:46:25 INFO  : 'stop' command is executed.
13:48:16 INFO  : 'ps7_init' command is executed.
13:48:20 INFO  : 'ps7_post_config' command is executed.
13:48:20 INFO  : Context for processor 'ps7_cortexa9_0' is selected.
13:48:21 INFO  : Processor reset is completed for 'ps7_cortexa9_0'.
13:48:22 INFO  : Context for processor 'ps7_cortexa9_0' is selected.
13:48:24 INFO  : The application 'C:/Working/MyS/lab2/Sintesis/lab2.sdk/TestApp/Debug/TestApp.elf' is downloaded to processor 'ps7_cortexa9_0'.
13:48:24 INFO  : 'configparams force-mem-access 0' command is executed.
13:48:24 INFO  : ----------------XSDB Script----------------
connect -path [list tcp::1534 tcp:lseserver.ddns.net:3121]
source C:/Working/MyS/lab2/Sintesis/lab2.sdk/system_wrapper_hw_platform_1/ps7_init.tcl
targets -set -nocase -filter {name =~"APU*" && jtag_cable_name =~ "Digilent Arty Z7 003017A4C8ABA"} -index 0
loadhw -hw C:/Working/MyS/lab2/Sintesis/lab2.sdk/system_wrapper_hw_platform_1/system.hdf -mem-ranges [list {0x40000000 0xbfffffff}]
configparams force-mem-access 1
targets -set -nocase -filter {name =~"APU*" && jtag_cable_name =~ "Digilent Arty Z7 003017A4C8ABA"} -index 0
stop
ps7_init
ps7_post_config
targets -set -nocase -filter {name =~ "ARM*#0" && jtag_cable_name =~ "Digilent Arty Z7 003017A4C8ABA"} -index 0
rst -processor
targets -set -nocase -filter {name =~ "ARM*#0" && jtag_cable_name =~ "Digilent Arty Z7 003017A4C8ABA"} -index 0
dow C:/Working/MyS/lab2/Sintesis/lab2.sdk/TestApp/Debug/TestApp.elf
configparams force-mem-access 0
----------------End of Script----------------

13:48:26 INFO  : Memory regions updated for context APU
13:48:26 INFO  : Context for processor 'ps7_cortexa9_0' is selected.
13:48:27 INFO  : 'con' command is executed.
13:48:27 INFO  : ----------------XSDB Script (After Launch)----------------
targets -set -nocase -filter {name =~ "ARM*#0" && jtag_cable_name =~ "Digilent Arty Z7 003017A4C8ABA"} -index 0
con
----------------End of Script----------------

13:48:27 INFO  : Launch script is exported to file 'C:\Working\MyS\lab2\Sintesis\lab2.sdk\.sdk\launch_scripts\xilinx_c-c++_application_(system_debugger)\system_debugger_using_debug_testapp.elf_on_local.tcl'
13:49:43 INFO  : Disconnected from the channel tcfchan#3.
13:49:44 INFO  : 'targets -set -filter {jtag_cable_name =~ "Digilent Arty Z7 003017A4C8ABA" && level==0} -index 1' command is executed.
13:49:44 INFO  : 'fpga -state' command is executed.
13:49:45 INFO  : Connected through redirection to target on host 'lseserver.ddns.net' and port '3121'.
13:49:46 WARN  : SDK version '2018.1' doesn't match hw_server version '2023.2'. Some debug features may not work.
13:49:48 INFO  : Jtag cable 'Digilent Arty Z7 003017A4C8ABA' is selected.
13:49:48 INFO  : 'jtag frequency' command is executed.
13:49:48 INFO  : Sourcing of 'C:/Working/MyS/lab2/Sintesis/lab2.sdk/system_wrapper_hw_platform_1/ps7_init.tcl' is done.
13:49:49 INFO  : Context for 'APU' is selected.
13:49:50 INFO  : Hardware design information is loaded from 'C:/Working/MyS/lab2/Sintesis/lab2.sdk/system_wrapper_hw_platform_1/system.hdf'.
13:49:50 INFO  : 'configparams force-mem-access 1' command is executed.
13:49:50 INFO  : Context for 'APU' is selected.
13:49:51 INFO  : 'stop' command is executed.
13:51:38 INFO  : 'ps7_init' command is executed.
13:51:43 INFO  : 'ps7_post_config' command is executed.
13:51:43 INFO  : Context for processor 'ps7_cortexa9_0' is selected.
13:51:44 INFO  : Processor reset is completed for 'ps7_cortexa9_0'.
13:51:45 INFO  : Context for processor 'ps7_cortexa9_0' is selected.
13:51:47 INFO  : The application 'C:/Working/MyS/lab2/Sintesis/lab2.sdk/TestApp/Debug/TestApp.elf' is downloaded to processor 'ps7_cortexa9_0'.
13:51:47 INFO  : 'configparams force-mem-access 0' command is executed.
13:51:47 INFO  : ----------------XSDB Script----------------
connect -path [list tcp::1534 tcp:lseserver.ddns.net:3121]
source C:/Working/MyS/lab2/Sintesis/lab2.sdk/system_wrapper_hw_platform_1/ps7_init.tcl
targets -set -nocase -filter {name =~"APU*" && jtag_cable_name =~ "Digilent Arty Z7 003017A4C8ABA"} -index 0
loadhw -hw C:/Working/MyS/lab2/Sintesis/lab2.sdk/system_wrapper_hw_platform_1/system.hdf -mem-ranges [list {0x40000000 0xbfffffff}]
configparams force-mem-access 1
targets -set -nocase -filter {name =~"APU*" && jtag_cable_name =~ "Digilent Arty Z7 003017A4C8ABA"} -index 0
stop
ps7_init
ps7_post_config
targets -set -nocase -filter {name =~ "ARM*#0" && jtag_cable_name =~ "Digilent Arty Z7 003017A4C8ABA"} -index 0
rst -processor
targets -set -nocase -filter {name =~ "ARM*#0" && jtag_cable_name =~ "Digilent Arty Z7 003017A4C8ABA"} -index 0
dow C:/Working/MyS/lab2/Sintesis/lab2.sdk/TestApp/Debug/TestApp.elf
configparams force-mem-access 0
----------------End of Script----------------

13:51:49 INFO  : Memory regions updated for context APU
13:51:50 INFO  : Context for processor 'ps7_cortexa9_0' is selected.
13:51:50 INFO  : 'con' command is executed.
13:51:50 INFO  : ----------------XSDB Script (After Launch)----------------
targets -set -nocase -filter {name =~ "ARM*#0" && jtag_cable_name =~ "Digilent Arty Z7 003017A4C8ABA"} -index 0
con
----------------End of Script----------------

13:51:50 INFO  : Launch script is exported to file 'C:\Working\MyS\lab2\Sintesis\lab2.sdk\.sdk\launch_scripts\xilinx_c-c++_application_(system_debugger)\system_debugger_using_debug_testapp.elf_on_local.tcl'
13:56:15 INFO  : Connected to target on host 'lseserver.ddns.net' and port '3121'.
13:56:22 INFO  : Connected to target on host 'lseserver.ddns.net' and port '3121'.
13:56:30 INFO  : Disconnected from the channel tcfchan#4.
13:56:32 INFO  : 'targets -set -filter {jtag_cable_name =~ "Digilent Arty Z7 003017A4C81CA" && level==0} -index 1' command is executed.
13:56:32 INFO  : 'fpga -state' command is executed.
13:56:32 INFO  : Connected through redirection to target on host 'lseserver.ddns.net' and port '3121'.
13:56:34 WARN  : SDK version '2018.1' doesn't match hw_server version '2023.2'. Some debug features may not work.
13:58:04 INFO  : Jtag cable 'Digilent Arty Z7 003017A4C81CA' is selected.
13:58:04 INFO  : 'jtag frequency' command is executed.
13:58:04 INFO  : Sourcing of 'C:/Working/MyS/lab2/Sintesis/lab2.sdk/system_wrapper_hw_platform_1/ps7_init.tcl' is done.
13:58:05 INFO  : Context for 'APU' is selected.
13:58:06 INFO  : Hardware design information is loaded from 'C:/Working/MyS/lab2/Sintesis/lab2.sdk/system_wrapper_hw_platform_1/system.hdf'.
13:58:06 INFO  : 'configparams force-mem-access 1' command is executed.
13:58:07 INFO  : Context for 'APU' is selected.
13:58:07 INFO  : 'stop' command is executed.
13:58:07 ERROR : Memory read error at 0xF8007080. AHB AP transaction error, DAP status 0xF0000021
13:58:07 INFO  : ----------------XSDB Script----------------
connect -path [list tcp::1534 tcp:lseserver.ddns.net:3121]
source C:/Working/MyS/lab2/Sintesis/lab2.sdk/system_wrapper_hw_platform_1/ps7_init.tcl
targets -set -nocase -filter {name =~"APU*" && jtag_cable_name =~ "Digilent Arty Z7 003017A4C81CA"} -index 0
loadhw -hw C:/Working/MyS/lab2/Sintesis/lab2.sdk/system_wrapper_hw_platform_1/system.hdf -mem-ranges [list {0x40000000 0xbfffffff}]
configparams force-mem-access 1
targets -set -nocase -filter {name =~"APU*" && jtag_cable_name =~ "Digilent Arty Z7 003017A4C81CA"} -index 0
stop
ps7_init
----------------End of Script----------------

13:58:52 INFO  : 'targets -set -filter {jtag_cable_name =~ "Digilent Arty Z7 003017A4C81CA" && level==0} -index 1' command is executed.
13:58:52 INFO  : 'fpga -state' command is executed.
13:58:52 INFO  : Connected through redirection to target on host 'lseserver.ddns.net' and port '3121'.
13:58:52 WARN  : SDK version '2018.1' doesn't match hw_server version '2023.2'. Some debug features may not work.
13:58:55 INFO  : Jtag cable 'Digilent Arty Z7 003017A4C81CA' is selected.
13:58:55 INFO  : 'jtag frequency' command is executed.
13:58:55 INFO  : Sourcing of 'C:/Working/MyS/lab2/Sintesis/lab2.sdk/system_wrapper_hw_platform_1/ps7_init.tcl' is done.
13:58:55 INFO  : Context for 'APU' is selected.
13:58:55 INFO  : Hardware design information is loaded from 'C:/Working/MyS/lab2/Sintesis/lab2.sdk/system_wrapper_hw_platform_1/system.hdf'.
13:58:55 INFO  : 'configparams force-mem-access 1' command is executed.
13:58:56 INFO  : Context for 'APU' is selected.
13:58:56 INFO  : 'stop' command is executed.
13:58:56 ERROR : Memory read error at 0xF8007080. AHB AP transaction error, DAP status 0xF0000021
13:58:56 INFO  : ----------------XSDB Script----------------
connect -path [list tcp::1534 tcp:lseserver.ddns.net:3121]
source C:/Working/MyS/lab2/Sintesis/lab2.sdk/system_wrapper_hw_platform_1/ps7_init.tcl
targets -set -nocase -filter {name =~"APU*" && jtag_cable_name =~ "Digilent Arty Z7 003017A4C81CA"} -index 0
loadhw -hw C:/Working/MyS/lab2/Sintesis/lab2.sdk/system_wrapper_hw_platform_1/system.hdf -mem-ranges [list {0x40000000 0xbfffffff}]
configparams force-mem-access 1
targets -set -nocase -filter {name =~"APU*" && jtag_cable_name =~ "Digilent Arty Z7 003017A4C81CA"} -index 0
stop
ps7_init
----------------End of Script----------------

13:59:11 INFO  : Connected to target on host 'lseserver.ddns.net' and port '3121'.
13:59:18 INFO  : Connected to target on host 'lseserver.ddns.net' and port '3121'.
13:59:18 INFO  : 'targets -set -filter {jtag_cable_name =~ "Digilent Arty Z7 003017A4C81CA" && level==0} -index 1' command is executed.
13:59:22 INFO  : FPGA configured successfully with bitstream "C:/Working/MyS/lab2/Sintesis/lab2.sdk/system_wrapper_hw_platform_1/system_wrapper.bit"
13:59:37 INFO  : Connected to target on host 'lseserver.ddns.net' and port '3121'.
13:59:45 INFO  : Connected to target on host 'lseserver.ddns.net' and port '3121'.
13:59:56 INFO  : 'targets -set -filter {jtag_cable_name =~ "Digilent Arty Z7 003017A4C81CA" && level==0} -index 1' command is executed.
13:59:56 INFO  : 'fpga -state' command is executed.
13:59:56 INFO  : Connected through redirection to target on host 'lseserver.ddns.net' and port '3121'.
13:59:56 WARN  : SDK version '2018.1' doesn't match hw_server version '2023.2'. Some debug features may not work.
14:00:01 INFO  : Jtag cable 'Digilent Arty Z7 003017A4C81CA' is selected.
14:00:01 INFO  : 'jtag frequency' command is executed.
14:00:01 INFO  : Sourcing of 'C:/Working/MyS/lab2/Sintesis/lab2.sdk/system_wrapper_hw_platform_1/ps7_init.tcl' is done.
14:00:02 INFO  : Context for 'APU' is selected.
14:00:03 INFO  : Hardware design information is loaded from 'C:/Working/MyS/lab2/Sintesis/lab2.sdk/system_wrapper_hw_platform_1/system.hdf'.
14:00:03 INFO  : 'configparams force-mem-access 1' command is executed.
14:00:03 INFO  : Context for 'APU' is selected.
14:00:04 INFO  : 'stop' command is executed.
14:00:04 ERROR : Memory read error at 0xF8007080. AHB AP transaction error, DAP status 0xF0000021
14:00:04 INFO  : ----------------XSDB Script----------------
connect -path [list tcp::1534 tcp:lseserver.ddns.net:3121]
source C:/Working/MyS/lab2/Sintesis/lab2.sdk/system_wrapper_hw_platform_1/ps7_init.tcl
targets -set -nocase -filter {name =~"APU*" && jtag_cable_name =~ "Digilent Arty Z7 003017A4C81CA"} -index 0
loadhw -hw C:/Working/MyS/lab2/Sintesis/lab2.sdk/system_wrapper_hw_platform_1/system.hdf -mem-ranges [list {0x40000000 0xbfffffff}]
configparams force-mem-access 1
targets -set -nocase -filter {name =~"APU*" && jtag_cable_name =~ "Digilent Arty Z7 003017A4C81CA"} -index 0
stop
ps7_init
----------------End of Script----------------

17:55:35 INFO  : Connected to target on host 'lseserver.ddns.net' and port '3121'.
17:55:45 INFO  : Connected to target on host 'lseserver.ddns.net' and port '3121'.
17:55:51 INFO  : 'targets -set -filter {jtag_cable_name =~ "Digilent Arty Z7 003017A4C81CA" && level==0} -index 1' command is executed.
17:55:51 INFO  : 'fpga -state' command is executed.
17:55:52 INFO  : Connected through redirection to target on host 'lseserver.ddns.net' and port '3121'.
17:55:53 WARN  : SDK version '2018.1' doesn't match hw_server version '2023.2'. Some debug features may not work.
17:56:05 INFO  : Jtag cable 'Digilent Arty Z7 003017A4C81CA' is selected.
17:56:05 INFO  : 'jtag frequency' command is executed.
17:56:05 INFO  : Sourcing of 'C:/Working/MyS/lab2/Sintesis/lab2.sdk/system_wrapper_hw_platform_1/ps7_init.tcl' is done.
17:56:09 ERROR : no targets found with "name =~"APU*" && jtag_cable_name =~ "Digilent Arty Z7 003017A4C81CA"". available targets:
  1  DAP (AHB AP transaction error, DAP status 0x30000021)
  2* xc7z010
     3  Legacy Debug Hub
  4  APU
     5  ARM Cortex-A9 MPCore #0 (Running)
     6  ARM Cortex-A9 MPCore #1 (Suspended)
  7  xc7z010
     8  Legacy Debug Hub
17:56:09 INFO  : ----------------XSDB Script----------------
connect -path [list tcp::1534 tcp:lseserver.ddns.net:3121]
source C:/Working/MyS/lab2/Sintesis/lab2.sdk/system_wrapper_hw_platform_1/ps7_init.tcl
targets -set -nocase -filter {name =~"APU*" && jtag_cable_name =~ "Digilent Arty Z7 003017A4C81CA"} -index 0
----------------End of Script----------------

17:59:33 INFO  : 'targets -set -filter {jtag_cable_name =~ "Digilent Arty Z7 003017A4C81CA" && level==0} -index 1' command is executed.
17:59:33 INFO  : 'fpga -state' command is executed.
17:59:33 INFO  : Connected through redirection to target on host 'lseserver.ddns.net' and port '3121'.
17:59:33 WARN  : SDK version '2018.1' doesn't match hw_server version '2023.2'. Some debug features may not work.
17:59:35 INFO  : Jtag cable 'Digilent Arty Z7 003017A4C81CA' is selected.
17:59:35 INFO  : 'jtag frequency' command is executed.
17:59:35 INFO  : Sourcing of 'C:/Working/MyS/lab2/Sintesis/lab2.sdk/system_wrapper_hw_platform_1/ps7_init.tcl' is done.
17:59:38 ERROR : no targets found with "name =~"APU*" && jtag_cable_name =~ "Digilent Arty Z7 003017A4C81CA"". available targets:
  1  DAP (AHB AP transaction error, DAP status 0x30000021)
  2* xc7z010
     3  Legacy Debug Hub
  4  APU
     5  ARM Cortex-A9 MPCore #0 (Running)
     6  ARM Cortex-A9 MPCore #1 (Suspended)
  7  xc7z010
     8  Legacy Debug Hub
17:59:38 INFO  : ----------------XSDB Script----------------
connect -path [list tcp::1534 tcp:lseserver.ddns.net:3121]
source C:/Working/MyS/lab2/Sintesis/lab2.sdk/system_wrapper_hw_platform_1/ps7_init.tcl
targets -set -nocase -filter {name =~"APU*" && jtag_cable_name =~ "Digilent Arty Z7 003017A4C81CA"} -index 0
----------------End of Script----------------

18:01:32 INFO  : Connected to target on host 'lseserver.ddns.net' and port '3121'.
18:01:48 INFO  : Connected to target on host 'lseserver.ddns.net' and port '3121'.
18:01:55 INFO  : Connected to target on host 'lseserver.ddns.net' and port '3121'.
18:02:05 INFO  : 'targets -set -filter {jtag_cable_name =~ "Digilent Arty Z7 003017A4C81CA" && level==0} -index 1' command is executed.
18:02:05 INFO  : 'fpga -state' command is executed.
18:02:05 INFO  : Connected through redirection to target on host 'lseserver.ddns.net' and port '3121'.
18:02:05 WARN  : SDK version '2018.1' doesn't match hw_server version '2023.2'. Some debug features may not work.
18:02:07 INFO  : Jtag cable 'Digilent Arty Z7 003017A4C81CA' is selected.
18:02:07 INFO  : 'jtag frequency' command is executed.
18:02:07 INFO  : Sourcing of 'C:/Working/MyS/lab2/Sintesis/lab2.sdk/system_wrapper_hw_platform_1/ps7_init.tcl' is done.
18:02:10 ERROR : no targets found with "name =~"APU*" && jtag_cable_name =~ "Digilent Arty Z7 003017A4C81CA"". available targets:
  1  DAP (AHB AP transaction error, DAP status 0x30000021)
  2* xc7z010
     3  Legacy Debug Hub
  4  APU
     5  ARM Cortex-A9 MPCore #0 (Running)
     6  ARM Cortex-A9 MPCore #1 (Suspended)
  7  xc7z010
     8  Legacy Debug Hub
18:02:10 INFO  : ----------------XSDB Script----------------
connect -path [list tcp::1534 tcp:lseserver.ddns.net:3121]
source C:/Working/MyS/lab2/Sintesis/lab2.sdk/system_wrapper_hw_platform_1/ps7_init.tcl
targets -set -nocase -filter {name =~"APU*" && jtag_cable_name =~ "Digilent Arty Z7 003017A4C81CA"} -index 0
----------------End of Script----------------

18:03:30 INFO  : Connected to target on host 'lseserver.ddns.net' and port '3121'.
18:03:30 INFO  : 'targets -set -filter {jtag_cable_name =~ "Digilent Arty Z7 003017A4C81CA" && level==0} -index 1' command is executed.
18:03:34 INFO  : FPGA configured successfully with bitstream "C:/Working/MyS/lab2/Sintesis/lab2.sdk/system_wrapper_hw_platform_1/system_wrapper.bit"
18:04:17 INFO  : 'targets -set -filter {jtag_cable_name =~ "Digilent Arty Z7 003017A4C81CA" && level==0} -index 1' command is executed.
18:04:17 INFO  : 'fpga -state' command is executed.
18:04:17 INFO  : Connected through redirection to target on host 'lseserver.ddns.net' and port '3121'.
18:04:17 WARN  : SDK version '2018.1' doesn't match hw_server version '2023.2'. Some debug features may not work.
18:04:19 INFO  : Jtag cable 'Digilent Arty Z7 003017A4C81CA' is selected.
18:04:19 INFO  : 'jtag frequency' command is executed.
18:04:19 INFO  : Sourcing of 'C:/Working/MyS/lab2/Sintesis/lab2.sdk/system_wrapper_hw_platform_1/ps7_init.tcl' is done.
18:04:23 ERROR : no targets found with "name =~"APU*" && jtag_cable_name =~ "Digilent Arty Z7 003017A4C81CA"". available targets:
  1  DAP (AHB AP transaction error, DAP status 0x30000021)
  2* xc7z010
     3  Legacy Debug Hub
  4  APU
     5  ARM Cortex-A9 MPCore #0 (Running)
     6  ARM Cortex-A9 MPCore #1 (Suspended)
  7  xc7z010
     8  Legacy Debug Hub
18:04:23 INFO  : ----------------XSDB Script----------------
connect -path [list tcp::1534 tcp:lseserver.ddns.net:3121]
source C:/Working/MyS/lab2/Sintesis/lab2.sdk/system_wrapper_hw_platform_1/ps7_init.tcl
targets -set -nocase -filter {name =~"APU*" && jtag_cable_name =~ "Digilent Arty Z7 003017A4C81CA"} -index 0
----------------End of Script----------------

18:05:45 INFO  : Connected to target on host 'lseserver.ddns.net' and port '3121'.
18:05:51 INFO  : Connected to target on host 'lseserver.ddns.net' and port '3121'.
18:05:59 INFO  : 'targets -set -filter {jtag_cable_name =~ "Digilent Arty Z7 003017A4C81CA" && level==0} -index 1' command is executed.
18:05:59 INFO  : 'fpga -state' command is executed.
18:05:59 INFO  : Connected through redirection to target on host 'lseserver.ddns.net' and port '3121'.
18:05:59 WARN  : SDK version '2018.1' doesn't match hw_server version '2023.2'. Some debug features may not work.
18:06:02 INFO  : Jtag cable 'Digilent Arty Z7 003017A4C81CA' is selected.
18:06:02 INFO  : 'jtag frequency' command is executed.
18:06:02 INFO  : Sourcing of 'C:/Working/MyS/lab2/Sintesis/lab2.sdk/system_wrapper_hw_platform_1/ps7_init.tcl' is done.
18:06:05 ERROR : no targets found with "name =~"APU*" && jtag_cable_name =~ "Digilent Arty Z7 003017A4C81CA"". available targets:
  1  DAP (AHB AP transaction error, DAP status 0x30000021)
  2* xc7z010
     3  Legacy Debug Hub
  4  APU
     5  ARM Cortex-A9 MPCore #0 (Running)
     6  ARM Cortex-A9 MPCore #1 (Suspended)
  7  xc7z010
     8  Legacy Debug Hub
18:06:05 INFO  : ----------------XSDB Script----------------
connect -path [list tcp::1534 tcp:lseserver.ddns.net:3121]
source C:/Working/MyS/lab2/Sintesis/lab2.sdk/system_wrapper_hw_platform_1/ps7_init.tcl
targets -set -nocase -filter {name =~"APU*" && jtag_cable_name =~ "Digilent Arty Z7 003017A4C81CA"} -index 0
----------------End of Script----------------

18:09:11 INFO  : Launching XSCT server: xsct.bat -interactive C:\Working\MyS\lab2\Sintesis\lab2.sdk\temp_xsdb_launch_script.tcl
18:09:13 INFO  : XSCT server has started successfully.
18:09:13 INFO  : Successfully done setting XSCT server connection channel  
18:09:14 INFO  : Successfully done setting SDK workspace  
18:09:20 INFO  : Registering command handlers for SDK TCF services
18:09:20 INFO  : Processing command line option -hwspec C:/Working/MyS/lab2/Sintesis/lab2.sdk/system_wrapper.hdf.
18:09:21 INFO  : Checking for hwspec changes in the project system_wrapper_hw_platform_1.
18:12:11 INFO  : 'targets -set -filter {jtag_cable_name =~ "Digilent Arty Z7 003017A4C81CA" && level==0} -index 1' command is executed.
18:12:11 INFO  : 'fpga -state' command is executed.
18:12:12 INFO  : Connected through redirection to target on host 'lseserver.ddns.net' and port '3121'.
18:12:13 WARN  : SDK version '2018.1' doesn't match hw_server version '2023.2'. Some debug features may not work.
18:12:15 INFO  : Jtag cable 'Digilent Arty Z7 003017A4C81CA' is selected.
18:12:15 INFO  : 'jtag frequency' command is executed.
18:12:15 INFO  : Sourcing of 'C:/Working/MyS/lab2/Sintesis/lab2.sdk/system_wrapper_hw_platform_1/ps7_init.tcl' is done.
18:12:19 ERROR : no targets found with "name =~"APU*" && jtag_cable_name =~ "Digilent Arty Z7 003017A4C81CA"". available targets:
  1  DAP (AHB AP transaction error, DAP status 0x30000021)
  2* xc7z010
     3  Legacy Debug Hub
  4  APU
     5  ARM Cortex-A9 MPCore #0 (Running)
     6  ARM Cortex-A9 MPCore #1 (Suspended)
  7  xc7z010
     8  Legacy Debug Hub
18:12:19 INFO  : ----------------XSDB Script----------------
connect -path [list tcp::1534 tcp:lseserver.ddns.net:3121]
source C:/Working/MyS/lab2/Sintesis/lab2.sdk/system_wrapper_hw_platform_1/ps7_init.tcl
targets -set -nocase -filter {name =~"APU*" && jtag_cable_name =~ "Digilent Arty Z7 003017A4C81CA"} -index 0
----------------End of Script----------------

18:13:07 INFO  : Connected through redirection to target on host 'lseserver.ddns.net' and port '3121'.
18:13:07 WARN  : SDK version '2018.1' doesn't match hw_server version '2023.2'. Some debug features may not work.
18:13:09 INFO  : Jtag cable 'Digilent Arty Z7 003017A4C81CA' is selected.
18:13:09 INFO  : 'jtag frequency' command is executed.
18:13:09 INFO  : Sourcing of 'C:/Working/MyS/lab2/Sintesis/lab2.sdk/system_wrapper_hw_platform_0/ps7_init.tcl' is done.
18:13:12 ERROR : no targets found with "name =~"APU*" && jtag_cable_name =~ "Digilent Arty Z7 003017A4C81CA"". available targets:
  1  DAP (AHB AP transaction error, DAP status 0x30000021)
  2* xc7z010
     3  Legacy Debug Hub
  4  APU
     5  ARM Cortex-A9 MPCore #0 (Running)
     6  ARM Cortex-A9 MPCore #1 (Suspended)
  7  xc7z010
     8  Legacy Debug Hub
18:13:12 INFO  : ----------------XSDB Script----------------
connect -path [list tcp::1534 tcp:lseserver.ddns.net:3121]
source C:/Working/MyS/lab2/Sintesis/lab2.sdk/system_wrapper_hw_platform_0/ps7_init.tcl
targets -set -nocase -filter {name =~"APU*" && jtag_cable_name =~ "Digilent Arty Z7 003017A4C81CA"} -index 0
----------------End of Script----------------

18:13:32 INFO  : Connected to target on host 'lseserver.ddns.net' and port '3121'.
18:13:40 INFO  : Connected to target on host 'lseserver.ddns.net' and port '3121'.
18:13:48 INFO  : 'targets -set -filter {jtag_cable_name =~ "Digilent Arty Z7 003017A4C8ABA" && level==0} -index 1' command is executed.
18:13:48 INFO  : 'fpga -state' command is executed.
18:13:48 INFO  : Connected through redirection to target on host 'lseserver.ddns.net' and port '3121'.
18:13:48 WARN  : SDK version '2018.1' doesn't match hw_server version '2023.2'. Some debug features may not work.
18:13:50 INFO  : Jtag cable 'Digilent Arty Z7 003017A4C8ABA' is selected.
18:13:50 INFO  : 'jtag frequency' command is executed.
18:13:50 INFO  : Sourcing of 'C:/Working/MyS/lab2/Sintesis/lab2.sdk/system_wrapper_hw_platform_1/ps7_init.tcl' is done.
18:13:50 INFO  : Context for 'APU' is selected.
18:13:51 INFO  : Hardware design information is loaded from 'C:/Working/MyS/lab2/Sintesis/lab2.sdk/system_wrapper_hw_platform_1/system.hdf'.
18:13:51 INFO  : 'configparams force-mem-access 1' command is executed.
18:13:51 INFO  : Context for 'APU' is selected.
18:13:51 INFO  : 'stop' command is executed.
18:14:02 INFO  : 'ps7_init' command is executed.
18:14:02 INFO  : 'ps7_post_config' command is executed.
18:14:02 INFO  : 'configparams force-mem-access 0' command is executed.
18:14:02 INFO  : ----------------XSDB Script----------------
connect -path [list tcp::1534 tcp:lseserver.ddns.net:3121]
source C:/Working/MyS/lab2/Sintesis/lab2.sdk/system_wrapper_hw_platform_1/ps7_init.tcl
targets -set -nocase -filter {name =~"APU*" && jtag_cable_name =~ "Digilent Arty Z7 003017A4C8ABA"} -index 0
loadhw -hw C:/Working/MyS/lab2/Sintesis/lab2.sdk/system_wrapper_hw_platform_1/system.hdf -mem-ranges [list {0x40000000 0xbfffffff}]
configparams force-mem-access 1
targets -set -nocase -filter {name =~"APU*" && jtag_cable_name =~ "Digilent Arty Z7 003017A4C8ABA"} -index 0
stop
ps7_init
ps7_post_config
configparams force-mem-access 0
----------------End of Script----------------

18:14:03 INFO  : Memory regions updated for context APU
18:14:03 INFO  : Launch script is exported to file 'C:\Working\MyS\lab2\Sintesis\lab2.sdk\.sdk\launch_scripts\xilinx_c-c++_application_(system_debugger)\system_debugger_using_debug_testapp.elf_on_local.tcl'
18:15:23 INFO  : Connected to target on host 'lseserver.ddns.net' and port '3121'.
18:15:29 INFO  : Connected to target on host 'lseserver.ddns.net' and port '3121'.
18:15:30 INFO  : 'targets -set -filter {jtag_cable_name =~ "Digilent Arty Z7 003017A4C8ABA" && level==0} -index 1' command is executed.
18:15:34 INFO  : FPGA configured successfully with bitstream "C:/Working/MyS/lab2/Sintesis/lab2.sdk/system_wrapper_hw_platform_1/system_wrapper.bit"
18:16:02 INFO  : Disconnected from the channel tcfchan#2.
18:16:03 INFO  : 'targets -set -filter {jtag_cable_name =~ "Digilent Arty Z7 003017A4C8ABA" && level==0} -index 1' command is executed.
18:16:04 INFO  : 'fpga -state' command is executed.
18:16:04 INFO  : Connected through redirection to target on host 'lseserver.ddns.net' and port '3121'.
18:16:04 WARN  : SDK version '2018.1' doesn't match hw_server version '2023.2'. Some debug features may not work.
18:16:06 INFO  : Jtag cable 'Digilent Arty Z7 003017A4C8ABA' is selected.
18:16:06 INFO  : 'jtag frequency' command is executed.
18:16:06 INFO  : Sourcing of 'C:/Working/MyS/lab2/Sintesis/lab2.sdk/system_wrapper_hw_platform_1/ps7_init.tcl' is done.
18:16:06 INFO  : Context for 'APU' is selected.
18:16:08 INFO  : Hardware design information is loaded from 'C:/Working/MyS/lab2/Sintesis/lab2.sdk/system_wrapper_hw_platform_1/system.hdf'.
18:16:08 INFO  : 'configparams force-mem-access 1' command is executed.
18:16:08 INFO  : Context for 'APU' is selected.
18:16:08 INFO  : 'stop' command is executed.
18:16:19 INFO  : 'ps7_init' command is executed.
18:16:20 INFO  : 'ps7_post_config' command is executed.
18:16:20 INFO  : 'configparams force-mem-access 0' command is executed.
18:16:20 INFO  : ----------------XSDB Script----------------
connect -path [list tcp::1534 tcp:lseserver.ddns.net:3121]
source C:/Working/MyS/lab2/Sintesis/lab2.sdk/system_wrapper_hw_platform_1/ps7_init.tcl
targets -set -nocase -filter {name =~"APU*" && jtag_cable_name =~ "Digilent Arty Z7 003017A4C8ABA"} -index 0
loadhw -hw C:/Working/MyS/lab2/Sintesis/lab2.sdk/system_wrapper_hw_platform_1/system.hdf -mem-ranges [list {0x40000000 0xbfffffff}]
configparams force-mem-access 1
targets -set -nocase -filter {name =~"APU*" && jtag_cable_name =~ "Digilent Arty Z7 003017A4C8ABA"} -index 0
stop
ps7_init
ps7_post_config
configparams force-mem-access 0
----------------End of Script----------------

18:16:20 INFO  : Memory regions updated for context APU
18:16:20 INFO  : Launch script is exported to file 'C:\Working\MyS\lab2\Sintesis\lab2.sdk\.sdk\launch_scripts\xilinx_c-c++_application_(system_debugger)\system_debugger_using_debug_testapp.elf_on_local.tcl'
18:17:54 INFO  : Disconnected from the channel tcfchan#3.
18:17:55 INFO  : 'targets -set -filter {jtag_cable_name =~ "Digilent Arty Z7 003017A4C8ABA" && level==0} -index 1' command is executed.
18:17:55 INFO  : 'fpga -state' command is executed.
18:17:55 INFO  : Connected through redirection to target on host 'lseserver.ddns.net' and port '3121'.
18:17:55 WARN  : SDK version '2018.1' doesn't match hw_server version '2023.2'. Some debug features may not work.
18:18:00 INFO  : Jtag cable 'Digilent Arty Z7 003017A4C8ABA' is selected.
18:18:00 INFO  : 'jtag frequency' command is executed.
18:18:00 INFO  : Sourcing of 'C:/Working/MyS/lab2/Sintesis/lab2.sdk/system_wrapper_hw_platform_1/ps7_init.tcl' is done.
18:18:01 INFO  : Context for 'APU' is selected.
18:18:01 INFO  : Hardware design information is loaded from 'C:/Working/MyS/lab2/Sintesis/lab2.sdk/system_wrapper_hw_platform_1/system.hdf'.
18:18:01 INFO  : 'configparams force-mem-access 1' command is executed.
18:18:01 INFO  : Context for 'APU' is selected.
18:18:01 INFO  : 'stop' command is executed.
18:18:12 INFO  : 'ps7_init' command is executed.
18:18:12 INFO  : 'ps7_post_config' command is executed.
18:18:12 INFO  : 'configparams force-mem-access 0' command is executed.
18:18:12 INFO  : ----------------XSDB Script----------------
connect -path [list tcp::1534 tcp:lseserver.ddns.net:3121]
source C:/Working/MyS/lab2/Sintesis/lab2.sdk/system_wrapper_hw_platform_1/ps7_init.tcl
targets -set -nocase -filter {name =~"APU*" && jtag_cable_name =~ "Digilent Arty Z7 003017A4C8ABA"} -index 0
loadhw -hw C:/Working/MyS/lab2/Sintesis/lab2.sdk/system_wrapper_hw_platform_1/system.hdf -mem-ranges [list {0x40000000 0xbfffffff}]
configparams force-mem-access 1
targets -set -nocase -filter {name =~"APU*" && jtag_cable_name =~ "Digilent Arty Z7 003017A4C8ABA"} -index 0
stop
ps7_init
ps7_post_config
configparams force-mem-access 0
----------------End of Script----------------

18:18:13 INFO  : Memory regions updated for context APU
18:18:13 INFO  : Launch script is exported to file 'C:\Working\MyS\lab2\Sintesis\lab2.sdk\.sdk\launch_scripts\xilinx_c-c++_application_(system_debugger)\system_debugger_using_debug_testapp.elf_on_local.tcl'
18:23:57 WARN  : channel "tcfchan#4" closed
18:25:09 INFO  : Connected to target on host 'lseserver.ddns.net' and port '3121'.
18:25:09 INFO  : Connected to target on host 'lseserver.ddns.net' and port '3121'.
18:27:34 INFO  : Connected to target on host 'lseserver.ddns.net' and port '3121'.
18:33:12 INFO  : Connected to target on host 'lseserver.ddns.net' and port '3121'.
18:33:18 INFO  : 'targets -set -filter {jtag_cable_name =~ "Digilent Arty Z7 003017A4C8ABA" && level==0} -index 1' command is executed.
18:33:18 INFO  : 'fpga -state' command is executed.
18:33:19 INFO  : Connected through redirection to target on host 'lseserver.ddns.net' and port '3121'.
18:33:20 WARN  : SDK version '2018.1' doesn't match hw_server version '2023.2'. Some debug features may not work.
18:33:21 INFO  : Jtag cable 'Digilent Arty Z7 003017A4C8ABA' is selected.
18:33:21 INFO  : 'jtag frequency' command is executed.
18:33:21 INFO  : Sourcing of 'C:/Working/MyS/lab2/Sintesis/lab2.sdk/system_wrapper_hw_platform_1/ps7_init.tcl' is done.
18:33:22 INFO  : Context for 'APU' is selected.
18:33:22 INFO  : Hardware design information is loaded from 'C:/Working/MyS/lab2/Sintesis/lab2.sdk/system_wrapper_hw_platform_1/system.hdf'.
18:33:22 INFO  : 'configparams force-mem-access 1' command is executed.
18:33:22 INFO  : Context for 'APU' is selected.
18:33:22 INFO  : 'stop' command is executed.
18:33:33 INFO  : 'ps7_init' command is executed.
18:33:34 INFO  : 'ps7_post_config' command is executed.
18:33:34 INFO  : 'configparams force-mem-access 0' command is executed.
18:33:34 INFO  : ----------------XSDB Script----------------
connect -path [list tcp::1534 tcp:lseserver.ddns.net:3121]
source C:/Working/MyS/lab2/Sintesis/lab2.sdk/system_wrapper_hw_platform_1/ps7_init.tcl
targets -set -nocase -filter {name =~"APU*" && jtag_cable_name =~ "Digilent Arty Z7 003017A4C8ABA"} -index 0
loadhw -hw C:/Working/MyS/lab2/Sintesis/lab2.sdk/system_wrapper_hw_platform_1/system.hdf -mem-ranges [list {0x40000000 0xbfffffff}]
configparams force-mem-access 1
targets -set -nocase -filter {name =~"APU*" && jtag_cable_name =~ "Digilent Arty Z7 003017A4C8ABA"} -index 0
stop
ps7_init
ps7_post_config
configparams force-mem-access 0
----------------End of Script----------------

18:33:34 INFO  : Memory regions updated for context APU
18:33:34 INFO  : Launch script is exported to file 'C:\Working\MyS\lab2\Sintesis\lab2.sdk\.sdk\launch_scripts\xilinx_c-c++_application_(system_debugger)\system_debugger_using_debug_testapp.elf_on_local.tcl'
18:36:26 INFO  : Connected to target on host 'lseserver.ddns.net' and port '3121'.
18:36:31 INFO  : Connected to target on host 'lseserver.ddns.net' and port '3121'.
18:36:44 INFO  : Disconnected from the channel tcfchan#7.
18:36:45 INFO  : 'targets -set -filter {jtag_cable_name =~ "Digilent Arty Z7 003017A4C81CA" && level==0} -index 1' command is executed.
18:36:45 INFO  : 'fpga -state' command is executed.
18:36:46 INFO  : Connected through redirection to target on host 'lseserver.ddns.net' and port '3121'.
18:36:46 WARN  : SDK version '2018.1' doesn't match hw_server version '2023.2'. Some debug features may not work.
18:36:48 INFO  : Jtag cable 'Digilent Arty Z7 003017A4C81CA' is selected.
18:36:48 INFO  : 'jtag frequency' command is executed.
18:36:48 INFO  : Sourcing of 'C:/Working/MyS/lab2/Sintesis/lab2.sdk/system_wrapper_hw_platform_1/ps7_init.tcl' is done.
18:36:51 ERROR : no targets found with "name =~"APU*" && jtag_cable_name =~ "Digilent Arty Z7 003017A4C81CA"". available targets:
  1  DAP (AHB AP transaction error, DAP status 0x30000021)
  2* xc7z010
     3  Legacy Debug Hub
  4  APU
     5  ARM Cortex-A9 MPCore #0 (Suspended)
     6  ARM Cortex-A9 MPCore #1 (Suspended)
  7  xc7z010
     8  Legacy Debug Hub
18:36:51 INFO  : ----------------XSDB Script----------------
connect -path [list tcp::1534 tcp:lseserver.ddns.net:3121]
source C:/Working/MyS/lab2/Sintesis/lab2.sdk/system_wrapper_hw_platform_1/ps7_init.tcl
targets -set -nocase -filter {name =~"APU*" && jtag_cable_name =~ "Digilent Arty Z7 003017A4C81CA"} -index 0
----------------End of Script----------------

18:39:34 INFO  : 'targets -set -filter {jtag_cable_name =~ "Digilent Arty Z7 003017A4C81CA" && level==0} -index 1' command is executed.
18:39:34 INFO  : 'fpga -state' command is executed.
18:39:34 INFO  : Connected through redirection to target on host 'lseserver.ddns.net' and port '3121'.
18:39:34 WARN  : SDK version '2018.1' doesn't match hw_server version '2023.2'. Some debug features may not work.
18:39:36 INFO  : Jtag cable 'Digilent Arty Z7 003017A4C81CA' is selected.
18:39:36 INFO  : 'jtag frequency' command is executed.
18:39:36 INFO  : Sourcing of 'C:/Working/MyS/lab2/Sintesis/lab2.sdk/system_wrapper_hw_platform_1/ps7_init.tcl' is done.
18:39:40 ERROR : no targets found with "name =~"APU*" && jtag_cable_name =~ "Digilent Arty Z7 003017A4C81CA"". available targets:
  1  DAP (AHB AP transaction error, DAP status 0x30000021)
  2* xc7z010
     3  Legacy Debug Hub
  4  APU
     5  ARM Cortex-A9 MPCore #0 (Suspended)
     6  ARM Cortex-A9 MPCore #1 (Suspended)
  7  xc7z010
     8  Legacy Debug Hub
18:39:40 INFO  : ----------------XSDB Script----------------
connect -path [list tcp::1534 tcp:lseserver.ddns.net:3121]
source C:/Working/MyS/lab2/Sintesis/lab2.sdk/system_wrapper_hw_platform_1/ps7_init.tcl
targets -set -nocase -filter {name =~"APU*" && jtag_cable_name =~ "Digilent Arty Z7 003017A4C81CA"} -index 0
----------------End of Script----------------

18:40:40 INFO  : Connected to target on host 'lseserver.ddns.net' and port '3121'.
18:40:47 INFO  : Connected to target on host 'lseserver.ddns.net' and port '3121'.
18:44:53 INFO  : 'targets -set -filter {jtag_cable_name =~ "Digilent Arty Z7 003017A4C81CA" && level==0} -index 1' command is executed.
18:44:53 INFO  : 'fpga -state' command is executed.
18:44:53 INFO  : Connected through redirection to target on host 'lseserver.ddns.net' and port '3121'.
18:44:53 WARN  : SDK version '2018.1' doesn't match hw_server version '2023.2'. Some debug features may not work.
18:44:54 INFO  : Jtag cable 'Digilent Arty Z7 003017A4C81CA' is selected.
18:44:54 INFO  : 'jtag frequency' command is executed.
18:44:54 INFO  : Sourcing of 'C:/Working/MyS/lab2/Sintesis/lab2.sdk/system_wrapper_hw_platform_1/ps7_init.tcl' is done.
18:44:58 ERROR : no targets found with "name =~"APU*" && jtag_cable_name =~ "Digilent Arty Z7 003017A4C81CA"". available targets:
  1  DAP (AHB AP transaction error, DAP status 0x30000021)
  2* xc7z010
     3  Legacy Debug Hub
  4  APU
     5  ARM Cortex-A9 MPCore #0 (Suspended)
     6  ARM Cortex-A9 MPCore #1 (Suspended)
  7  xc7z010
     8  Legacy Debug Hub
18:44:58 INFO  : ----------------XSDB Script----------------
connect -path [list tcp::1534 tcp:lseserver.ddns.net:3121]
source C:/Working/MyS/lab2/Sintesis/lab2.sdk/system_wrapper_hw_platform_1/ps7_init.tcl
targets -set -nocase -filter {name =~"APU*" && jtag_cable_name =~ "Digilent Arty Z7 003017A4C81CA"} -index 0
----------------End of Script----------------

18:53:18 INFO  : Connected to target on host 'lseserver.ddns.net' and port '3121'.
18:53:23 INFO  : Connected to target on host 'lseserver.ddns.net' and port '3121'.
18:53:31 INFO  : 'targets -set -filter {jtag_cable_name =~ "Digilent Arty Z7 003017A4C8ABA" && level==0} -index 1' command is executed.
18:53:31 INFO  : 'fpga -state' command is executed.
18:53:31 INFO  : Connected through redirection to target on host 'lseserver.ddns.net' and port '3121'.
18:53:31 WARN  : SDK version '2018.1' doesn't match hw_server version '2023.2'. Some debug features may not work.
18:53:34 INFO  : Jtag cable 'Digilent Arty Z7 003017A4C8ABA' is selected.
18:53:34 INFO  : 'jtag frequency' command is executed.
18:53:34 INFO  : Sourcing of 'C:/Working/MyS/lab2/Sintesis/lab2.sdk/system_wrapper_hw_platform_1/ps7_init.tcl' is done.
18:53:34 INFO  : Context for 'APU' is selected.
18:53:34 INFO  : Hardware design information is loaded from 'C:/Working/MyS/lab2/Sintesis/lab2.sdk/system_wrapper_hw_platform_1/system.hdf'.
18:53:34 INFO  : 'configparams force-mem-access 1' command is executed.
18:53:34 INFO  : Context for 'APU' is selected.
18:53:34 INFO  : 'stop' command is executed.
18:53:45 INFO  : 'ps7_init' command is executed.
18:53:45 INFO  : 'ps7_post_config' command is executed.
18:53:46 INFO  : 'configparams force-mem-access 0' command is executed.
18:53:46 INFO  : ----------------XSDB Script----------------
connect -path [list tcp::1534 tcp:lseserver.ddns.net:3121]
source C:/Working/MyS/lab2/Sintesis/lab2.sdk/system_wrapper_hw_platform_1/ps7_init.tcl
targets -set -nocase -filter {name =~"APU*" && jtag_cable_name =~ "Digilent Arty Z7 003017A4C8ABA"} -index 0
loadhw -hw C:/Working/MyS/lab2/Sintesis/lab2.sdk/system_wrapper_hw_platform_1/system.hdf -mem-ranges [list {0x40000000 0xbfffffff}]
configparams force-mem-access 1
targets -set -nocase -filter {name =~"APU*" && jtag_cable_name =~ "Digilent Arty Z7 003017A4C8ABA"} -index 0
stop
ps7_init
ps7_post_config
configparams force-mem-access 0
----------------End of Script----------------

18:53:46 INFO  : Memory regions updated for context APU
18:53:46 INFO  : Launch script is exported to file 'C:\Working\MyS\lab2\Sintesis\lab2.sdk\.sdk\launch_scripts\xilinx_c-c++_application_(system_debugger)\system_debugger_using_debug_testapp.elf_on_local.tcl'
19:03:34 INFO  : Disconnected from the channel tcfchan#8.
22:25:22 INFO  : Launching XSCT server: xsct.bat -interactive C:\Working\MyS\lab2\Sintesis\lab2.sdk\temp_xsdb_launch_script.tcl
22:25:24 INFO  : XSCT server has started successfully.
22:25:25 INFO  : Successfully done setting XSCT server connection channel  
22:25:25 INFO  : Successfully done setting SDK workspace  
22:25:31 INFO  : Registering command handlers for SDK TCF services
22:25:31 INFO  : Processing command line option -hwspec C:/Working/MyS/lab2/Sintesis/lab2.sdk/system_wrapper.hdf.
22:25:32 INFO  : Checking for hwspec changes in the project system_wrapper_hw_platform_1.
22:26:32 INFO  : Connected to target on host 'lseserver.ddns.net' and port '3121'.
22:26:37 INFO  : Connected to target on host 'lseserver.ddns.net' and port '3121'.
22:26:42 INFO  : 'targets -set -filter {jtag_cable_name =~ "Digilent Arty Z7 003017A4C8ABA" && level==0} -index 1' command is executed.
22:26:42 INFO  : 'fpga -state' command is executed.
22:26:44 INFO  : Connected through redirection to target on host 'lseserver.ddns.net' and port '3121'.
22:26:45 WARN  : SDK version '2018.1' doesn't match hw_server version '2023.2'. Some debug features may not work.
22:26:47 INFO  : Jtag cable 'Digilent Arty Z7 003017A4C8ABA' is selected.
22:26:47 INFO  : 'jtag frequency' command is executed.
22:26:47 INFO  : Sourcing of 'C:/Working/MyS/lab2/Sintesis/lab2.sdk/system_wrapper_hw_platform_1/ps7_init.tcl' is done.
22:26:48 INFO  : Context for 'APU' is selected.
22:26:48 INFO  : Hardware design information is loaded from 'C:/Working/MyS/lab2/Sintesis/lab2.sdk/system_wrapper_hw_platform_1/system.hdf'.
22:26:48 INFO  : 'configparams force-mem-access 1' command is executed.
22:26:49 INFO  : Context for 'APU' is selected.
22:26:49 INFO  : 'stop' command is executed.
22:27:16 INFO  : 'ps7_init' command is executed.
22:27:17 INFO  : 'ps7_post_config' command is executed.
22:27:17 INFO  : 'configparams force-mem-access 0' command is executed.
22:27:17 INFO  : ----------------XSDB Script----------------
connect -path [list tcp::1534 tcp:lseserver.ddns.net:3121]
source C:/Working/MyS/lab2/Sintesis/lab2.sdk/system_wrapper_hw_platform_1/ps7_init.tcl
targets -set -nocase -filter {name =~"APU*" && jtag_cable_name =~ "Digilent Arty Z7 003017A4C8ABA"} -index 0
loadhw -hw C:/Working/MyS/lab2/Sintesis/lab2.sdk/system_wrapper_hw_platform_1/system.hdf -mem-ranges [list {0x40000000 0xbfffffff}]
configparams force-mem-access 1
targets -set -nocase -filter {name =~"APU*" && jtag_cable_name =~ "Digilent Arty Z7 003017A4C8ABA"} -index 0
stop
ps7_init
ps7_post_config
configparams force-mem-access 0
----------------End of Script----------------

22:27:18 INFO  : Memory regions updated for context APU
22:27:18 INFO  : Launch script is exported to file 'C:\Working\MyS\lab2\Sintesis\lab2.sdk\.sdk\launch_scripts\xilinx_c-c++_application_(system_debugger)\system_debugger_using_debug_testapp.elf_on_local.tcl'
22:29:46 INFO  : Disconnected from the channel tcfchan#2.
22:29:48 INFO  : 'targets -set -filter {jtag_cable_name =~ "Digilent Arty Z7 003017A4C8ABA" && level==0} -index 1' command is executed.
22:29:48 INFO  : 'fpga -state' command is executed.
22:29:48 INFO  : Connected through redirection to target on host 'lseserver.ddns.net' and port '3121'.
22:29:49 WARN  : SDK version '2018.1' doesn't match hw_server version '2023.2'. Some debug features may not work.
22:29:50 INFO  : Jtag cable 'Digilent Arty Z7 003017A4C8ABA' is selected.
22:29:50 INFO  : 'jtag frequency' command is executed.
22:29:50 INFO  : Sourcing of 'C:/Working/MyS/lab2/Sintesis/lab2.sdk/system_wrapper_hw_platform_1/ps7_init.tcl' is done.
22:29:51 INFO  : Context for 'APU' is selected.
22:29:55 INFO  : Hardware design information is loaded from 'C:/Working/MyS/lab2/Sintesis/lab2.sdk/system_wrapper_hw_platform_1/system.hdf'.
22:29:55 INFO  : 'configparams force-mem-access 1' command is executed.
22:29:55 INFO  : Context for 'APU' is selected.
22:29:55 INFO  : 'stop' command is executed.
22:30:33 INFO  : 'ps7_init' command is executed.
22:30:34 INFO  : 'ps7_post_config' command is executed.
22:30:34 INFO  : 'configparams force-mem-access 0' command is executed.
22:30:34 INFO  : ----------------XSDB Script----------------
connect -path [list tcp::1534 tcp:lseserver.ddns.net:3121]
source C:/Working/MyS/lab2/Sintesis/lab2.sdk/system_wrapper_hw_platform_1/ps7_init.tcl
targets -set -nocase -filter {name =~"APU*" && jtag_cable_name =~ "Digilent Arty Z7 003017A4C8ABA"} -index 0
loadhw -hw C:/Working/MyS/lab2/Sintesis/lab2.sdk/system_wrapper_hw_platform_1/system.hdf -mem-ranges [list {0x40000000 0xbfffffff}]
configparams force-mem-access 1
targets -set -nocase -filter {name =~"APU*" && jtag_cable_name =~ "Digilent Arty Z7 003017A4C8ABA"} -index 0
stop
ps7_init
ps7_post_config
configparams force-mem-access 0
----------------End of Script----------------

22:30:36 INFO  : Memory regions updated for context APU
22:30:36 INFO  : Launch script is exported to file 'C:\Working\MyS\lab2\Sintesis\lab2.sdk\.sdk\launch_scripts\xilinx_c-c++_application_(system_debugger)\system_debugger_using_debug_testapp.elf_on_local.tcl'
22:34:39 INFO  : Disconnected from the channel tcfchan#3.
22:35:54 INFO  : Connected to target on host 'lseserver.ddns.net' and port '3121'.
22:35:59 INFO  : 'targets -set -filter {jtag_cable_name =~ "Digilent Arty Z7 003017A4C8ABA" && level==0} -index 1' command is executed.
22:35:59 INFO  : 'fpga -state' command is executed.
22:36:00 INFO  : Connected through redirection to target on host 'lseserver.ddns.net' and port '3121'.
22:36:00 WARN  : SDK version '2018.1' doesn't match hw_server version '2023.2'. Some debug features may not work.
22:36:03 INFO  : Jtag cable 'Digilent Arty Z7 003017A4C8ABA' is selected.
22:36:03 INFO  : 'jtag frequency' command is executed.
22:36:03 INFO  : Sourcing of 'C:/Working/MyS/lab2/Sintesis/lab2.sdk/system_wrapper_hw_platform_1/ps7_init.tcl' is done.
22:36:03 INFO  : Context for 'APU' is selected.
22:36:04 INFO  : Hardware design information is loaded from 'C:/Working/MyS/lab2/Sintesis/lab2.sdk/system_wrapper_hw_platform_1/system.hdf'.
22:36:04 INFO  : 'configparams force-mem-access 1' command is executed.
22:36:04 INFO  : Context for 'APU' is selected.
22:36:04 INFO  : 'stop' command is executed.
22:36:15 INFO  : 'ps7_init' command is executed.
22:36:16 INFO  : 'ps7_post_config' command is executed.
22:36:16 INFO  : 'configparams force-mem-access 0' command is executed.
22:36:16 INFO  : ----------------XSDB Script----------------
connect -path [list tcp::1534 tcp:lseserver.ddns.net:3121]
source C:/Working/MyS/lab2/Sintesis/lab2.sdk/system_wrapper_hw_platform_1/ps7_init.tcl
targets -set -nocase -filter {name =~"APU*" && jtag_cable_name =~ "Digilent Arty Z7 003017A4C8ABA"} -index 0
loadhw -hw C:/Working/MyS/lab2/Sintesis/lab2.sdk/system_wrapper_hw_platform_1/system.hdf -mem-ranges [list {0x40000000 0xbfffffff}]
configparams force-mem-access 1
targets -set -nocase -filter {name =~"APU*" && jtag_cable_name =~ "Digilent Arty Z7 003017A4C8ABA"} -index 0
stop
ps7_init
ps7_post_config
configparams force-mem-access 0
----------------End of Script----------------

22:36:17 INFO  : Memory regions updated for context APU
22:36:17 INFO  : Launch script is exported to file 'C:\Working\MyS\lab2\Sintesis\lab2.sdk\.sdk\launch_scripts\xilinx_c-c++_application_(system_debugger)\system_debugger_using_debug_testapp.elf_on_local.tcl'
22:38:06 INFO  : Disconnected from the channel tcfchan#4.
22:38:08 INFO  : 'targets -set -filter {jtag_cable_name =~ "Digilent Arty Z7 003017A4C8ABA" && level==0} -index 1' command is executed.
22:38:08 INFO  : 'fpga -state' command is executed.
22:38:08 INFO  : Connected through redirection to target on host 'lseserver.ddns.net' and port '3121'.
22:38:08 WARN  : SDK version '2018.1' doesn't match hw_server version '2023.2'. Some debug features may not work.
22:38:10 INFO  : Jtag cable 'Digilent Arty Z7 003017A4C8ABA' is selected.
22:38:10 INFO  : 'jtag frequency' command is executed.
22:38:10 INFO  : Sourcing of 'C:/Working/MyS/lab2/Sintesis/lab2.sdk/system_wrapper_hw_platform_1/ps7_init.tcl' is done.
22:38:10 INFO  : Context for 'APU' is selected.
22:38:11 INFO  : Hardware design information is loaded from 'C:/Working/MyS/lab2/Sintesis/lab2.sdk/system_wrapper_hw_platform_1/system.hdf'.
22:38:11 INFO  : 'configparams force-mem-access 1' command is executed.
22:38:11 INFO  : Context for 'APU' is selected.
22:38:11 INFO  : 'stop' command is executed.
22:38:22 INFO  : 'ps7_init' command is executed.
22:38:23 INFO  : 'ps7_post_config' command is executed.
22:38:23 INFO  : 'configparams force-mem-access 0' command is executed.
22:38:23 INFO  : ----------------XSDB Script----------------
connect -path [list tcp::1534 tcp:lseserver.ddns.net:3121]
source C:/Working/MyS/lab2/Sintesis/lab2.sdk/system_wrapper_hw_platform_1/ps7_init.tcl
targets -set -nocase -filter {name =~"APU*" && jtag_cable_name =~ "Digilent Arty Z7 003017A4C8ABA"} -index 0
loadhw -hw C:/Working/MyS/lab2/Sintesis/lab2.sdk/system_wrapper_hw_platform_1/system.hdf -mem-ranges [list {0x40000000 0xbfffffff}]
configparams force-mem-access 1
targets -set -nocase -filter {name =~"APU*" && jtag_cable_name =~ "Digilent Arty Z7 003017A4C8ABA"} -index 0
stop
ps7_init
ps7_post_config
configparams force-mem-access 0
----------------End of Script----------------

22:38:23 INFO  : Memory regions updated for context APU
22:38:23 INFO  : Launch script is exported to file 'C:\Working\MyS\lab2\Sintesis\lab2.sdk\.sdk\launch_scripts\xilinx_c-c++_application_(system_debugger)\system_debugger_using_debug_testapp.elf_on_local.tcl'
22:39:48 INFO  : Connected to target on host 'lseserver.ddns.net' and port '3121'.
22:53:07 INFO  : Connected to target on host 'lseserver.ddns.net' and port '3121'.
22:53:12 INFO  : Connected to target on host 'lseserver.ddns.net' and port '3121'.
22:53:24 INFO  : Disconnected from the channel tcfchan#5.
22:53:25 INFO  : 'targets -set -filter {jtag_cable_name =~ "Digilent Arty Z7 003017A4C81CA" && level==0} -index 1' command is executed.
22:53:25 INFO  : 'fpga -state' command is executed.
22:53:25 INFO  : Connected through redirection to target on host 'lseserver.ddns.net' and port '3121'.
22:53:26 WARN  : SDK version '2018.1' doesn't match hw_server version '2023.2'. Some debug features may not work.
22:53:27 INFO  : Jtag cable 'Digilent Arty Z7 003017A4C81CA' is selected.
22:53:27 INFO  : 'jtag frequency' command is executed.
22:53:27 INFO  : Sourcing of 'C:/Working/MyS/lab2/Sintesis/lab2.sdk/system_wrapper_hw_platform_1/ps7_init.tcl' is done.
22:53:31 ERROR : no targets found with "name =~"APU*" && jtag_cable_name =~ "Digilent Arty Z7 003017A4C81CA"". available targets:
  1  DAP (AHB AP transaction error, DAP status 0x30000021)
  2* xc7z010
     3  Legacy Debug Hub
  4  APU
     5  ARM Cortex-A9 MPCore #0 (Suspended)
     6  ARM Cortex-A9 MPCore #1 (Suspended)
  7  xc7z010
     8  Legacy Debug Hub
22:53:31 INFO  : ----------------XSDB Script----------------
connect -path [list tcp::1534 tcp:lseserver.ddns.net:3121]
source C:/Working/MyS/lab2/Sintesis/lab2.sdk/system_wrapper_hw_platform_1/ps7_init.tcl
targets -set -nocase -filter {name =~"APU*" && jtag_cable_name =~ "Digilent Arty Z7 003017A4C81CA"} -index 0
----------------End of Script----------------

22:58:28 INFO  : 'targets -set -filter {jtag_cable_name =~ "Digilent Arty Z7 003017A4C81CA" && level==0} -index 1' command is executed.
22:58:28 INFO  : 'fpga -state' command is executed.
22:58:28 INFO  : Connected through redirection to target on host 'lseserver.ddns.net' and port '3121'.
22:58:28 WARN  : SDK version '2018.1' doesn't match hw_server version '2023.2'. Some debug features may not work.
22:58:30 INFO  : Jtag cable 'Digilent Arty Z7 003017A4C81CA' is selected.
22:58:30 INFO  : 'jtag frequency' command is executed.
22:58:30 INFO  : Sourcing of 'C:/Working/MyS/lab2/Sintesis/lab2.sdk/system_wrapper_hw_platform_1/ps7_init.tcl' is done.
22:58:33 ERROR : no targets found with "name =~"APU*" && jtag_cable_name =~ "Digilent Arty Z7 003017A4C81CA"". available targets:
  1  DAP (AHB AP transaction error, DAP status 0x30000021)
  2* xc7z010
     3  Legacy Debug Hub
  4  APU
     5  ARM Cortex-A9 MPCore #0 (Suspended)
     6  ARM Cortex-A9 MPCore #1 (Suspended)
  7  xc7z010
     8  Legacy Debug Hub
22:58:33 INFO  : ----------------XSDB Script----------------
connect -path [list tcp::1534 tcp:lseserver.ddns.net:3121]
source C:/Working/MyS/lab2/Sintesis/lab2.sdk/system_wrapper_hw_platform_1/ps7_init.tcl
targets -set -nocase -filter {name =~"APU*" && jtag_cable_name =~ "Digilent Arty Z7 003017A4C81CA"} -index 0
----------------End of Script----------------

12:01:01 INFO  : Launching XSCT server: xsct.bat -interactive C:\Working\MyS\lab2\Sintesis\lab2.sdk\temp_xsdb_launch_script.tcl
12:01:04 INFO  : XSCT server has started successfully.
12:01:05 INFO  : Successfully done setting XSCT server connection channel  
12:01:05 INFO  : Successfully done setting SDK workspace  
12:01:12 INFO  : Registering command handlers for SDK TCF services
12:01:12 INFO  : Processing command line option -hwspec C:/Working/MyS/lab2/Sintesis/lab2.sdk/system_wrapper.hdf.
12:01:13 INFO  : Checking for hwspec changes in the project system_wrapper_hw_platform_1.
12:01:35 INFO  : Connected to target on host 'lseserver.ddns.net' and port '3121'.
12:01:41 INFO  : Connected to target on host 'lseserver.ddns.net' and port '3121'.
12:01:45 INFO  : Connected to target on host 'lseserver.ddns.net' and port '3121'.
12:01:45 INFO  : 'targets -set -filter {jtag_cable_name =~ "Digilent Arty Z7 003017A4C8ABA" && level==0} -index 1' command is executed.
12:01:48 INFO  : FPGA configured successfully with bitstream "C:/Working/MyS/lab2/Sintesis/lab2.sdk/system_wrapper_hw_platform_1/system_wrapper.bit"
12:02:29 INFO  : Connected to target on host 'lseserver.ddns.net' and port '3121'.
12:02:29 INFO  : Device 'Digilent Arty Z7 003017A4C81CA/2-xc7z010' not found in the selected target configuration 'Servidor_Placa'
12:02:34 INFO  : Connected to target on host 'lseserver.ddns.net' and port '3121'.
12:02:34 INFO  : Device 'Digilent Arty Z7 003017A4C81CA/1-arm_dap' not found in the selected target configuration 'Servidor_Placa'
12:02:42 INFO  : 'targets -set -filter {jtag_cable_name =~ "Digilent Arty Z7 003017A4C8ABA" && level==0} -index 1' command is executed.
12:02:43 INFO  : 'fpga -state' command is executed.
12:02:45 INFO  : Connected through redirection to target on host 'lseserver.ddns.net' and port '3121'.
12:02:45 WARN  : SDK version '2018.1' doesn't match hw_server version '2023.2'. Some debug features may not work.
12:02:47 INFO  : Jtag cable 'Digilent Arty Z7 003017A4C8ABA' is selected.
12:02:47 INFO  : 'jtag frequency' command is executed.
12:02:47 INFO  : Sourcing of 'C:/Working/MyS/lab2/Sintesis/lab2.sdk/system_wrapper_hw_platform_1/ps7_init.tcl' is done.
12:02:47 INFO  : Context for 'APU' is selected.
12:02:47 INFO  : Hardware design information is loaded from 'C:/Working/MyS/lab2/Sintesis/lab2.sdk/system_wrapper_hw_platform_1/system.hdf'.
12:02:47 INFO  : 'configparams force-mem-access 1' command is executed.
12:02:47 INFO  : Context for 'APU' is selected.
12:02:48 INFO  : 'stop' command is executed.
12:02:55 INFO  : 'ps7_init' command is executed.
12:02:55 INFO  : 'ps7_post_config' command is executed.
12:02:55 INFO  : 'configparams force-mem-access 0' command is executed.
12:02:55 INFO  : ----------------XSDB Script----------------
connect -path [list tcp::1534 tcp:lseserver.ddns.net:3121]
source C:/Working/MyS/lab2/Sintesis/lab2.sdk/system_wrapper_hw_platform_1/ps7_init.tcl
targets -set -nocase -filter {name =~"APU*" && jtag_cable_name =~ "Digilent Arty Z7 003017A4C8ABA"} -index 0
loadhw -hw C:/Working/MyS/lab2/Sintesis/lab2.sdk/system_wrapper_hw_platform_1/system.hdf -mem-ranges [list {0x40000000 0xbfffffff}]
configparams force-mem-access 1
targets -set -nocase -filter {name =~"APU*" && jtag_cable_name =~ "Digilent Arty Z7 003017A4C8ABA"} -index 0
stop
ps7_init
ps7_post_config
configparams force-mem-access 0
----------------End of Script----------------

12:02:55 INFO  : Memory regions updated for context APU
12:02:55 INFO  : Launch script is exported to file 'C:\Working\MyS\lab2\Sintesis\lab2.sdk\.sdk\launch_scripts\xilinx_c-c++_application_(system_debugger)\system_debugger_using_debug_testapp.elf_on_local.tcl'
12:13:18 INFO  : Disconnected from the channel tcfchan#2.
12:13:19 INFO  : 'targets -set -filter {jtag_cable_name =~ "Digilent Arty Z7 003017A4C8ABA" && level==0} -index 1' command is executed.
12:13:19 INFO  : 'fpga -state' command is executed.
12:13:19 INFO  : Connected through redirection to target on host 'lseserver.ddns.net' and port '3121'.
12:13:19 WARN  : SDK version '2018.1' doesn't match hw_server version '2023.2'. Some debug features may not work.
12:13:23 INFO  : Jtag cable 'Digilent Arty Z7 003017A4C8ABA' is selected.
12:13:23 INFO  : 'jtag frequency' command is executed.
12:13:23 INFO  : Sourcing of 'C:/Working/MyS/lab2/Sintesis/lab2.sdk/system_wrapper_hw_platform_1/ps7_init.tcl' is done.
12:13:23 INFO  : Context for 'APU' is selected.
12:13:25 INFO  : Hardware design information is loaded from 'C:/Working/MyS/lab2/Sintesis/lab2.sdk/system_wrapper_hw_platform_1/system.hdf'.
12:13:25 INFO  : 'configparams force-mem-access 1' command is executed.
12:13:25 INFO  : Context for 'APU' is selected.
12:13:25 INFO  : 'stop' command is executed.
12:13:33 INFO  : 'ps7_init' command is executed.
12:13:33 INFO  : 'ps7_post_config' command is executed.
12:13:33 INFO  : 'configparams force-mem-access 0' command is executed.
12:13:33 INFO  : ----------------XSDB Script----------------
connect -path [list tcp::1534 tcp:lseserver.ddns.net:3121]
source C:/Working/MyS/lab2/Sintesis/lab2.sdk/system_wrapper_hw_platform_1/ps7_init.tcl
targets -set -nocase -filter {name =~"APU*" && jtag_cable_name =~ "Digilent Arty Z7 003017A4C8ABA"} -index 0
loadhw -hw C:/Working/MyS/lab2/Sintesis/lab2.sdk/system_wrapper_hw_platform_1/system.hdf -mem-ranges [list {0x40000000 0xbfffffff}]
configparams force-mem-access 1
targets -set -nocase -filter {name =~"APU*" && jtag_cable_name =~ "Digilent Arty Z7 003017A4C8ABA"} -index 0
stop
ps7_init
ps7_post_config
configparams force-mem-access 0
----------------End of Script----------------

12:13:34 INFO  : Memory regions updated for context APU
12:13:34 INFO  : Launch script is exported to file 'C:\Working\MyS\lab2\Sintesis\lab2.sdk\.sdk\launch_scripts\xilinx_c-c++_application_(system_debugger)\system_debugger_using_debug_testapp.elf_on_local.tcl'
12:15:24 INFO  : Disconnected from the channel tcfchan#3.
19:31:55 INFO  : Launching XSCT server: xsct.bat -interactive C:\Working\MyS\lab2\Sintesis\lab2.sdk\temp_xsdb_launch_script.tcl
19:31:58 INFO  : XSCT server has started successfully.
19:31:59 INFO  : Successfully done setting XSCT server connection channel  
19:31:59 INFO  : Successfully done setting SDK workspace  
19:32:09 INFO  : Registering command handlers for SDK TCF services
19:32:09 INFO  : Processing command line option -hwspec C:/Working/MyS/lab2/Sintesis/lab2.sdk/system_wrapper.hdf.
19:32:11 INFO  : Checking for hwspec changes in the project system_wrapper_hw_platform_1.
19:33:51 INFO  : Connected to target on host 'lseserver.ddns.net' and port '3121'.
19:55:43 INFO  : 'targets -set -filter {jtag_cable_name =~ "Digilent Arty Z7 003017A4C8ABA" && level==0} -index 1' command is executed.
19:55:43 INFO  : 'fpga -state' command is executed.
19:55:44 INFO  : Connected through redirection to target on host 'lseserver.ddns.net' and port '3121'.
19:55:45 WARN  : SDK version '2018.1' doesn't match hw_server version '2023.2'. Some debug features may not work.
19:55:47 INFO  : Jtag cable 'Digilent Arty Z7 003017A4C8ABA' is selected.
19:55:47 INFO  : 'jtag frequency' command is executed.
19:55:47 INFO  : Sourcing of 'C:/Working/MyS/lab2/Sintesis/lab2.sdk/system_wrapper_hw_platform_1/ps7_init.tcl' is done.
19:55:47 INFO  : Context for 'APU' is selected.
19:55:47 INFO  : Hardware design information is loaded from 'C:/Working/MyS/lab2/Sintesis/lab2.sdk/system_wrapper_hw_platform_1/system.hdf'.
19:55:47 INFO  : 'configparams force-mem-access 1' command is executed.
19:55:47 INFO  : Context for 'APU' is selected.
19:55:47 INFO  : 'stop' command is executed.
19:55:54 INFO  : 'ps7_init' command is executed.
19:55:54 INFO  : 'ps7_post_config' command is executed.
19:55:54 INFO  : 'configparams force-mem-access 0' command is executed.
19:55:54 INFO  : ----------------XSDB Script----------------
connect -path [list tcp::1534 tcp:lseserver.ddns.net:3121]
source C:/Working/MyS/lab2/Sintesis/lab2.sdk/system_wrapper_hw_platform_1/ps7_init.tcl
targets -set -nocase -filter {name =~"APU*" && jtag_cable_name =~ "Digilent Arty Z7 003017A4C8ABA"} -index 0
loadhw -hw C:/Working/MyS/lab2/Sintesis/lab2.sdk/system_wrapper_hw_platform_1/system.hdf -mem-ranges [list {0x40000000 0xbfffffff}]
configparams force-mem-access 1
targets -set -nocase -filter {name =~"APU*" && jtag_cable_name =~ "Digilent Arty Z7 003017A4C8ABA"} -index 0
stop
ps7_init
ps7_post_config
configparams force-mem-access 0
----------------End of Script----------------

19:55:55 INFO  : Memory regions updated for context APU
19:55:55 INFO  : Launch script is exported to file 'C:\Working\MyS\lab2\Sintesis\lab2.sdk\.sdk\launch_scripts\xilinx_c-c++_application_(system_debugger)\system_debugger_using_debug_testapp.elf_on_local.tcl'
22:02:20 INFO  : Connected to target on host 'lseserver.ddns.net' and port '3121'.
22:02:29 INFO  : Disconnected from the channel tcfchan#2.
22:02:30 INFO  : 'targets -set -filter {jtag_cable_name =~ "Digilent Arty Z7 003017A4C8ABA" && level==0} -index 1' command is executed.
22:02:30 INFO  : 'fpga -state' command is executed.
22:02:30 INFO  : Connected through redirection to target on host 'lseserver.ddns.net' and port '3121'.
22:02:31 WARN  : SDK version '2018.1' doesn't match hw_server version '2023.2'. Some debug features may not work.
22:02:32 INFO  : Jtag cable 'Digilent Arty Z7 003017A4C8ABA' is selected.
22:02:32 INFO  : 'jtag frequency' command is executed.
22:02:32 INFO  : Sourcing of 'C:/Working/MyS/lab2/Sintesis/lab2.sdk/system_wrapper_hw_platform_1/ps7_init.tcl' is done.
22:02:33 INFO  : Context for 'APU' is selected.
22:02:36 INFO  : Hardware design information is loaded from 'C:/Working/MyS/lab2/Sintesis/lab2.sdk/system_wrapper_hw_platform_1/system.hdf'.
22:02:36 INFO  : 'configparams force-mem-access 1' command is executed.
22:02:36 INFO  : Context for 'APU' is selected.
22:02:36 INFO  : 'stop' command is executed.
22:02:45 INFO  : 'ps7_init' command is executed.
22:02:45 INFO  : 'ps7_post_config' command is executed.
22:02:45 INFO  : 'configparams force-mem-access 0' command is executed.
22:02:45 INFO  : ----------------XSDB Script----------------
connect -path [list tcp::1534 tcp:lseserver.ddns.net:3121]
source C:/Working/MyS/lab2/Sintesis/lab2.sdk/system_wrapper_hw_platform_1/ps7_init.tcl
targets -set -nocase -filter {name =~"APU*" && jtag_cable_name =~ "Digilent Arty Z7 003017A4C8ABA"} -index 0
loadhw -hw C:/Working/MyS/lab2/Sintesis/lab2.sdk/system_wrapper_hw_platform_1/system.hdf -mem-ranges [list {0x40000000 0xbfffffff}]
configparams force-mem-access 1
targets -set -nocase -filter {name =~"APU*" && jtag_cable_name =~ "Digilent Arty Z7 003017A4C8ABA"} -index 0
stop
ps7_init
ps7_post_config
configparams force-mem-access 0
----------------End of Script----------------

22:02:45 INFO  : Memory regions updated for context APU
22:02:45 INFO  : Launch script is exported to file 'C:\Working\MyS\lab2\Sintesis\lab2.sdk\.sdk\launch_scripts\xilinx_c-c++_application_(system_debugger)\system_debugger_using_debug_testapp.elf_on_local.tcl'
22:14:00 INFO  : Disconnected from the channel tcfchan#3.
23:54:12 INFO  : Launching XSCT server: xsct.bat -interactive C:\Working\MyS\lab2\Sintesis\lab2.sdk\temp_xsdb_launch_script.tcl
23:54:15 INFO  : XSCT server has started successfully.
23:54:15 INFO  : Successfully done setting XSCT server connection channel  
23:54:16 INFO  : Successfully done setting SDK workspace  
23:54:27 INFO  : Registering command handlers for SDK TCF services
23:54:27 INFO  : Processing command line option -hwspec C:/Working/MyS/lab2/Sintesis/lab2.sdk/system_wrapper.hdf.
23:54:28 INFO  : Checking for hwspec changes in the project system_wrapper_hw_platform_1.
23:54:28 INFO  : SDK has detected change in the last modified timestamps for source hardware specification file Source:1726627948753,  Project:1726412669991
23:54:28 INFO  : The hardware specification for project 'system_wrapper_hw_platform_1' is different from C:/Working/MyS/lab2/Sintesis/lab2.sdk/system_wrapper.hdf.
23:54:32 INFO  : Copied contents of C:/Working/MyS/lab2/Sintesis/lab2.sdk/system_wrapper.hdf into \system_wrapper_hw_platform_1\system.hdf.
23:54:40 INFO  : SDK has detected change in the last modified timestamps for source hardware specification file Source:1726626361925,  Project:1725922373719
23:54:40 INFO  : Project system_wrapper_hw_platform_0's source hardware specification located at C:/Working/MyS/lab1/lab1/lab1.sdk/system_wrapper.hdf is now different from the local copy.
		 The local copy will be replaced with the source specification and your workspace will be updated.
23:55:18 INFO  : Copied contents of C:/Working/MyS/lab1/lab1/lab1.sdk/system_wrapper.hdf into \system_wrapper_hw_platform_0\system.hdf.
23:55:21 INFO  : Synchronizing projects in the workspace with the hardware platform specification changes.
23:55:22 INFO  : Clearing existing target manager status.
23:55:22 INFO  : Workspace synchronized with the new hardware specification file. Cleaning dependent projects...
23:55:22 WARN  : Linker script will not be updated automatically. Users need to update it manually.
23:55:24 INFO  : Synchronizing projects in the workspace with the hardware platform specification changes.
23:55:26 INFO  : 
23:55:27 INFO  : Updating hardware inferred compiler options for TestApp.
23:55:27 INFO  : Clearing existing target manager status.
23:55:27 INFO  : Closing and re-opening the MSS file of ther project standalone_bsp_0
23:55:28 INFO  : Workspace synchronized with the new hardware specification file. Cleaning dependent projects...
23:55:31 WARN  : Linker script will not be updated automatically. Users need to update it manually.
23:58:42 INFO  : 'targets -set -filter {jtag_cable_name =~ "Digilent Arty Z7 003017A4C8ABA" && level==0} -index 1' command is executed.
23:58:42 INFO  : 'fpga -state' command is executed.
23:58:44 INFO  : Connected through redirection to target on host 'lseserver.ddns.net' and port '3121'.
23:58:44 WARN  : SDK version '2018.1' doesn't match hw_server version '2023.2'. Some debug features may not work.
23:58:46 INFO  : Jtag cable 'Digilent Arty Z7 003017A4C8ABA' is selected.
23:58:46 INFO  : 'jtag frequency' command is executed.
23:58:46 INFO  : Sourcing of 'C:/Working/MyS/lab2/Sintesis/lab2.sdk/system_wrapper_hw_platform_1/ps7_init.tcl' is done.
23:58:47 INFO  : Context for 'APU' is selected.
23:58:47 INFO  : Hardware design information is loaded from 'C:/Working/MyS/lab2/Sintesis/lab2.sdk/system_wrapper_hw_platform_1/system.hdf'.
23:58:47 INFO  : 'configparams force-mem-access 1' command is executed.
23:58:47 INFO  : Context for 'APU' is selected.
23:58:47 INFO  : 'stop' command is executed.
23:58:54 INFO  : 'ps7_init' command is executed.
23:58:55 INFO  : 'ps7_post_config' command is executed.
23:58:55 INFO  : 'configparams force-mem-access 0' command is executed.
23:58:55 INFO  : ----------------XSDB Script----------------
connect -path [list tcp::1534 tcp:lseserver.ddns.net:3121]
source C:/Working/MyS/lab2/Sintesis/lab2.sdk/system_wrapper_hw_platform_1/ps7_init.tcl
targets -set -nocase -filter {name =~"APU*" && jtag_cable_name =~ "Digilent Arty Z7 003017A4C8ABA"} -index 0
loadhw -hw C:/Working/MyS/lab2/Sintesis/lab2.sdk/system_wrapper_hw_platform_1/system.hdf -mem-ranges [list {0x40000000 0xbfffffff}]
configparams force-mem-access 1
targets -set -nocase -filter {name =~"APU*" && jtag_cable_name =~ "Digilent Arty Z7 003017A4C8ABA"} -index 0
stop
ps7_init
ps7_post_config
configparams force-mem-access 0
----------------End of Script----------------

23:58:55 INFO  : Memory regions updated for context APU
23:58:55 INFO  : Launch script is exported to file 'C:\Working\MyS\lab2\Sintesis\lab2.sdk\.sdk\launch_scripts\xilinx_c-c++_application_(system_debugger)\system_debugger_using_debug_testapp.elf_on_local.tcl'
00:01:03 INFO  : Disconnected from the channel tcfchan#2.
00:01:04 INFO  : 'targets -set -filter {jtag_cable_name =~ "Digilent Arty Z7 003017A4C8ABA" && level==0} -index 1' command is executed.
00:01:04 INFO  : 'fpga -state' command is executed.
00:01:04 INFO  : Connected through redirection to target on host 'lseserver.ddns.net' and port '3121'.
00:01:04 WARN  : SDK version '2018.1' doesn't match hw_server version '2023.2'. Some debug features may not work.
00:01:06 INFO  : Jtag cable 'Digilent Arty Z7 003017A4C8ABA' is selected.
00:01:06 INFO  : 'jtag frequency' command is executed.
00:01:06 INFO  : Sourcing of 'C:/Working/MyS/lab2/Sintesis/lab2.sdk/system_wrapper_hw_platform_1/ps7_init.tcl' is done.
00:01:07 INFO  : Context for 'APU' is selected.
00:01:09 INFO  : Hardware design information is loaded from 'C:/Working/MyS/lab2/Sintesis/lab2.sdk/system_wrapper_hw_platform_1/system.hdf'.
00:01:09 INFO  : 'configparams force-mem-access 1' command is executed.
00:01:09 INFO  : Context for 'APU' is selected.
00:01:09 INFO  : 'stop' command is executed.
00:01:16 INFO  : 'ps7_init' command is executed.
00:01:16 INFO  : 'ps7_post_config' command is executed.
00:01:16 INFO  : 'configparams force-mem-access 0' command is executed.
00:01:16 INFO  : ----------------XSDB Script----------------
connect -path [list tcp::1534 tcp:lseserver.ddns.net:3121]
source C:/Working/MyS/lab2/Sintesis/lab2.sdk/system_wrapper_hw_platform_1/ps7_init.tcl
targets -set -nocase -filter {name =~"APU*" && jtag_cable_name =~ "Digilent Arty Z7 003017A4C8ABA"} -index 0
loadhw -hw C:/Working/MyS/lab2/Sintesis/lab2.sdk/system_wrapper_hw_platform_1/system.hdf -mem-ranges [list {0x40000000 0xbfffffff}]
configparams force-mem-access 1
targets -set -nocase -filter {name =~"APU*" && jtag_cable_name =~ "Digilent Arty Z7 003017A4C8ABA"} -index 0
stop
ps7_init
ps7_post_config
configparams force-mem-access 0
----------------End of Script----------------

00:01:17 INFO  : Memory regions updated for context APU
00:01:17 INFO  : Launch script is exported to file 'C:\Working\MyS\lab2\Sintesis\lab2.sdk\.sdk\launch_scripts\xilinx_c-c++_application_(system_debugger)\system_debugger_using_debug_testapp.elf_on_local.tcl'
00:11:34 INFO  : Disconnected from the channel tcfchan#3.
00:11:36 INFO  : 'targets -set -filter {jtag_cable_name =~ "Digilent Arty Z7 003017A4C8ABA" && level==0} -index 1' command is executed.
00:11:36 INFO  : 'fpga -state' command is executed.
00:11:36 INFO  : Connected through redirection to target on host 'lseserver.ddns.net' and port '3121'.
00:11:36 WARN  : SDK version '2018.1' doesn't match hw_server version '2023.2'. Some debug features may not work.
00:11:38 INFO  : Jtag cable 'Digilent Arty Z7 003017A4C8ABA' is selected.
00:11:39 INFO  : 'jtag frequency' command is executed.
00:11:39 INFO  : Sourcing of 'C:/Working/MyS/lab2/Sintesis/lab2.sdk/system_wrapper_hw_platform_1/ps7_init.tcl' is done.
00:11:39 INFO  : Context for 'APU' is selected.
00:11:39 INFO  : Hardware design information is loaded from 'C:/Working/MyS/lab2/Sintesis/lab2.sdk/system_wrapper_hw_platform_1/system.hdf'.
00:11:39 INFO  : 'configparams force-mem-access 1' command is executed.
00:11:39 INFO  : Context for 'APU' is selected.
00:11:39 INFO  : 'stop' command is executed.
00:11:48 INFO  : 'ps7_init' command is executed.
00:11:48 INFO  : 'ps7_post_config' command is executed.
00:11:48 INFO  : 'configparams force-mem-access 0' command is executed.
00:11:48 INFO  : ----------------XSDB Script----------------
connect -path [list tcp::1534 tcp:lseserver.ddns.net:3121]
source C:/Working/MyS/lab2/Sintesis/lab2.sdk/system_wrapper_hw_platform_1/ps7_init.tcl
targets -set -nocase -filter {name =~"APU*" && jtag_cable_name =~ "Digilent Arty Z7 003017A4C8ABA"} -index 0
loadhw -hw C:/Working/MyS/lab2/Sintesis/lab2.sdk/system_wrapper_hw_platform_1/system.hdf -mem-ranges [list {0x40000000 0xbfffffff}]
configparams force-mem-access 1
targets -set -nocase -filter {name =~"APU*" && jtag_cable_name =~ "Digilent Arty Z7 003017A4C8ABA"} -index 0
stop
ps7_init
ps7_post_config
configparams force-mem-access 0
----------------End of Script----------------

00:11:48 INFO  : Memory regions updated for context APU
00:11:48 INFO  : Launch script is exported to file 'C:\Working\MyS\lab2\Sintesis\lab2.sdk\.sdk\launch_scripts\xilinx_c-c++_application_(system_debugger)\system_debugger_using_debug_testapp.elf_on_local.tcl'
00:13:14 INFO  : Disconnected from the channel tcfchan#4.
00:13:15 INFO  : 'targets -set -filter {jtag_cable_name =~ "Digilent Arty Z7 003017A4C8ABA" && level==0} -index 1' command is executed.
00:13:15 INFO  : 'fpga -state' command is executed.
00:13:15 INFO  : Connected through redirection to target on host 'lseserver.ddns.net' and port '3121'.
00:13:16 WARN  : SDK version '2018.1' doesn't match hw_server version '2023.2'. Some debug features may not work.
00:13:20 INFO  : Jtag cable 'Digilent Arty Z7 003017A4C8ABA' is selected.
00:13:20 INFO  : 'jtag frequency' command is executed.
00:13:20 INFO  : Sourcing of 'C:/Working/MyS/lab2/Sintesis/lab2.sdk/system_wrapper_hw_platform_1/ps7_init.tcl' is done.
00:13:20 INFO  : Context for 'APU' is selected.
00:13:20 INFO  : Hardware design information is loaded from 'C:/Working/MyS/lab2/Sintesis/lab2.sdk/system_wrapper_hw_platform_1/system.hdf'.
00:13:20 INFO  : 'configparams force-mem-access 1' command is executed.
00:13:20 INFO  : Context for 'APU' is selected.
00:13:20 INFO  : 'stop' command is executed.
00:13:28 INFO  : 'ps7_init' command is executed.
00:13:28 INFO  : 'ps7_post_config' command is executed.
00:13:28 INFO  : 'configparams force-mem-access 0' command is executed.
00:13:28 INFO  : ----------------XSDB Script----------------
connect -path [list tcp::1534 tcp:lseserver.ddns.net:3121]
source C:/Working/MyS/lab2/Sintesis/lab2.sdk/system_wrapper_hw_platform_1/ps7_init.tcl
targets -set -nocase -filter {name =~"APU*" && jtag_cable_name =~ "Digilent Arty Z7 003017A4C8ABA"} -index 0
loadhw -hw C:/Working/MyS/lab2/Sintesis/lab2.sdk/system_wrapper_hw_platform_1/system.hdf -mem-ranges [list {0x40000000 0xbfffffff}]
configparams force-mem-access 1
targets -set -nocase -filter {name =~"APU*" && jtag_cable_name =~ "Digilent Arty Z7 003017A4C8ABA"} -index 0
stop
ps7_init
ps7_post_config
configparams force-mem-access 0
----------------End of Script----------------

00:13:28 INFO  : Memory regions updated for context APU
00:13:28 INFO  : Launch script is exported to file 'C:\Working\MyS\lab2\Sintesis\lab2.sdk\.sdk\launch_scripts\xilinx_c-c++_application_(system_debugger)\system_debugger_using_debug_testapp.elf_on_local.tcl'
00:22:17 INFO  : Disconnected from the channel tcfchan#5.
