19:53:52 INFO  : Registering command handlers for SDK TCF services
19:53:52 INFO  : Launching XSCT server: xsct.bat -interactive C:\Working\MyS\lab1\lab1\lab1.sdk\temp_xsdb_launch_script.tcl
19:53:57 INFO  : XSCT server has started successfully.
19:53:57 INFO  : Successfully done setting XSCT server connection channel  
19:53:58 INFO  : Successfully done setting SDK workspace  
19:53:58 INFO  : Processing command line option -hwspec C:/Working/MyS/lab1/lab1/lab1.sdk/system_wrapper.hdf.
20:14:28 INFO  : Connected to target on host 'lseserver.ddns.net' and port '3121'.
20:15:41 INFO  : Connected to target on host 'lseserver.ddns.net' and port '3121'.
20:16:33 INFO  : Connected to target on host 'lseserver.ddns.net' and port '3121'.
20:16:56 INFO  : Connected through redirection to target on host 'lseserver.ddns.net' and port '3121'.
20:16:56 WARN  : SDK version '2018.1' doesn't match hw_server version '2023.2'. Some debug features may not work.
20:17:08 INFO  : Jtag cable 'Digilent Arty Z7 003017A4C81CA' is selected.
20:17:09 INFO  : 'jtag frequency' command is executed.
20:17:09 INFO  : Sourcing of 'C:/Working/MyS/lab1/lab1/lab1.sdk/system_wrapper_hw_platform_0/ps7_init.tcl' is done.
20:17:11 INFO  : Context for 'APU' is selected.
20:17:13 INFO  : Hardware design information is loaded from 'C:/Working/MyS/lab1/lab1/lab1.sdk/system_wrapper_hw_platform_0/system.hdf'.
20:17:13 INFO  : 'configparams force-mem-access 1' command is executed.
20:17:14 INFO  : Context for 'APU' is selected.
20:17:14 INFO  : 'stop' command is executed.
20:17:29 INFO  : 'ps7_init' command is executed.
20:17:30 INFO  : 'ps7_post_config' command is executed.
20:17:30 INFO  : Context for processor 'ps7_cortexa9_0' is selected.
20:17:30 INFO  : Processor reset is completed for 'ps7_cortexa9_0'.
20:17:30 INFO  : Context for processor 'ps7_cortexa9_0' is selected.
20:17:31 INFO  : The application 'C:/Working/MyS/lab1/lab1/lab1.sdk/mem_test/Debug/mem_test.elf' is downloaded to processor 'ps7_cortexa9_0'.
20:17:31 INFO  : 'configparams force-mem-access 0' command is executed.
20:17:31 INFO  : ----------------XSDB Script----------------
connect -path [list tcp::1534 tcp:lseserver.ddns.net:3121]
source C:/Working/MyS/lab1/lab1/lab1.sdk/system_wrapper_hw_platform_0/ps7_init.tcl
targets -set -nocase -filter {name =~"APU*" && jtag_cable_name =~ "Digilent Arty Z7 003017A4C81CA"} -index 0
loadhw -hw C:/Working/MyS/lab1/lab1/lab1.sdk/system_wrapper_hw_platform_0/system.hdf -mem-ranges [list {0x40000000 0xbfffffff}]
configparams force-mem-access 1
targets -set -nocase -filter {name =~"APU*" && jtag_cable_name =~ "Digilent Arty Z7 003017A4C81CA"} -index 0
stop
ps7_init
ps7_post_config
targets -set -nocase -filter {name =~ "ARM*#0" && jtag_cable_name =~ "Digilent Arty Z7 003017A4C81CA"} -index 0
rst -processor
targets -set -nocase -filter {name =~ "ARM*#0" && jtag_cable_name =~ "Digilent Arty Z7 003017A4C81CA"} -index 0
dow C:/Working/MyS/lab1/lab1/lab1.sdk/mem_test/Debug/mem_test.elf
configparams force-mem-access 0
----------------End of Script----------------

20:17:31 INFO  : Context for processor 'ps7_cortexa9_0' is selected.
20:17:31 INFO  : 'con' command is executed.
20:17:31 INFO  : ----------------XSDB Script (After Launch)----------------
targets -set -nocase -filter {name =~ "ARM*#0" && jtag_cable_name =~ "Digilent Arty Z7 003017A4C81CA"} -index 0
con
----------------End of Script----------------

20:17:31 INFO  : Launch script is exported to file 'C:\Working\MyS\lab1\lab1\lab1.sdk\.sdk\launch_scripts\xilinx_c-c++_application_(system_debugger)\system_debugger_using_debug_mem_test.elf_on_local.tcl'
21:47:09 INFO  : Disconnected from the channel tcfchan#2.
21:47:10 INFO  : Connected through redirection to target on host 'lseserver.ddns.net' and port '3121'.
21:47:10 WARN  : SDK version '2018.1' doesn't match hw_server version '2023.2'. Some debug features may not work.
21:47:13 INFO  : Jtag cable 'Digilent Arty Z7 003017A4C81CA' is selected.
21:47:13 INFO  : 'jtag frequency' command is executed.
21:47:13 INFO  : Sourcing of 'C:/Working/MyS/lab1/lab1/lab1.sdk/system_wrapper_hw_platform_0/ps7_init.tcl' is done.
21:47:13 INFO  : Context for 'APU' is selected.
21:47:15 INFO  : Hardware design information is loaded from 'C:/Working/MyS/lab1/lab1/lab1.sdk/system_wrapper_hw_platform_0/system.hdf'.
21:47:15 INFO  : 'configparams force-mem-access 1' command is executed.
21:47:15 INFO  : Context for 'APU' is selected.
21:47:16 INFO  : 'stop' command is executed.
21:47:26 INFO  : 'ps7_init' command is executed.
21:47:26 INFO  : 'ps7_post_config' command is executed.
21:47:26 INFO  : Context for processor 'ps7_cortexa9_0' is selected.
21:47:27 INFO  : Processor reset is completed for 'ps7_cortexa9_0'.
21:47:27 INFO  : Context for processor 'ps7_cortexa9_0' is selected.
21:47:27 INFO  : The application 'C:/Working/MyS/lab1/lab1/lab1.sdk/mem_test/Debug/mem_test.elf' is downloaded to processor 'ps7_cortexa9_0'.
21:47:27 INFO  : 'configparams force-mem-access 0' command is executed.
21:47:27 INFO  : ----------------XSDB Script----------------
connect -path [list tcp::1534 tcp:lseserver.ddns.net:3121]
source C:/Working/MyS/lab1/lab1/lab1.sdk/system_wrapper_hw_platform_0/ps7_init.tcl
targets -set -nocase -filter {name =~"APU*" && jtag_cable_name =~ "Digilent Arty Z7 003017A4C81CA"} -index 0
loadhw -hw C:/Working/MyS/lab1/lab1/lab1.sdk/system_wrapper_hw_platform_0/system.hdf -mem-ranges [list {0x40000000 0xbfffffff}]
configparams force-mem-access 1
targets -set -nocase -filter {name =~"APU*" && jtag_cable_name =~ "Digilent Arty Z7 003017A4C81CA"} -index 0
stop
ps7_init
ps7_post_config
targets -set -nocase -filter {name =~ "ARM*#0" && jtag_cable_name =~ "Digilent Arty Z7 003017A4C81CA"} -index 0
rst -processor
targets -set -nocase -filter {name =~ "ARM*#0" && jtag_cable_name =~ "Digilent Arty Z7 003017A4C81CA"} -index 0
dow C:/Working/MyS/lab1/lab1/lab1.sdk/mem_test/Debug/mem_test.elf
configparams force-mem-access 0
----------------End of Script----------------

21:47:28 INFO  : Context for processor 'ps7_cortexa9_0' is selected.
21:47:28 INFO  : 'con' command is executed.
21:47:28 INFO  : ----------------XSDB Script (After Launch)----------------
targets -set -nocase -filter {name =~ "ARM*#0" && jtag_cable_name =~ "Digilent Arty Z7 003017A4C81CA"} -index 0
con
----------------End of Script----------------

21:47:28 INFO  : Launch script is exported to file 'C:\Working\MyS\lab1\lab1\lab1.sdk\.sdk\launch_scripts\xilinx_c-c++_application_(system_debugger)\system_debugger_using_debug_mem_test.elf_on_local.tcl'
22:27:45 INFO  : Disconnected from the channel tcfchan#3.
22:27:46 INFO  : Connected through redirection to target on host 'lseserver.ddns.net' and port '3121'.
22:27:47 WARN  : SDK version '2018.1' doesn't match hw_server version '2023.2'. Some debug features may not work.
22:27:49 INFO  : Jtag cable 'Digilent Arty Z7 003017A4C81CA' is selected.
22:27:49 INFO  : 'jtag frequency' command is executed.
22:27:49 INFO  : Sourcing of 'C:/Working/MyS/lab1/lab1/lab1.sdk/system_wrapper_hw_platform_0/ps7_init.tcl' is done.
22:27:51 INFO  : Context for 'APU' is selected.
22:27:54 INFO  : Hardware design information is loaded from 'C:/Working/MyS/lab1/lab1/lab1.sdk/system_wrapper_hw_platform_0/system.hdf'.
22:27:54 INFO  : 'configparams force-mem-access 1' command is executed.
22:27:54 INFO  : Context for 'APU' is selected.
22:27:54 INFO  : 'stop' command is executed.
22:28:05 INFO  : 'ps7_init' command is executed.
22:28:06 INFO  : 'ps7_post_config' command is executed.
22:28:06 INFO  : Context for processor 'ps7_cortexa9_0' is selected.
22:28:06 INFO  : Processor reset is completed for 'ps7_cortexa9_0'.
22:28:06 INFO  : Context for processor 'ps7_cortexa9_0' is selected.
22:28:06 INFO  : The application 'C:/Working/MyS/lab1/lab1/lab1.sdk/mem_test/Debug/mem_test.elf' is downloaded to processor 'ps7_cortexa9_0'.
22:28:06 INFO  : 'configparams force-mem-access 0' command is executed.
22:28:06 INFO  : ----------------XSDB Script----------------
connect -path [list tcp::1534 tcp:lseserver.ddns.net:3121]
source C:/Working/MyS/lab1/lab1/lab1.sdk/system_wrapper_hw_platform_0/ps7_init.tcl
targets -set -nocase -filter {name =~"APU*" && jtag_cable_name =~ "Digilent Arty Z7 003017A4C81CA"} -index 0
loadhw -hw C:/Working/MyS/lab1/lab1/lab1.sdk/system_wrapper_hw_platform_0/system.hdf -mem-ranges [list {0x40000000 0xbfffffff}]
configparams force-mem-access 1
targets -set -nocase -filter {name =~"APU*" && jtag_cable_name =~ "Digilent Arty Z7 003017A4C81CA"} -index 0
stop
ps7_init
ps7_post_config
targets -set -nocase -filter {name =~ "ARM*#0" && jtag_cable_name =~ "Digilent Arty Z7 003017A4C81CA"} -index 0
rst -processor
targets -set -nocase -filter {name =~ "ARM*#0" && jtag_cable_name =~ "Digilent Arty Z7 003017A4C81CA"} -index 0
dow C:/Working/MyS/lab1/lab1/lab1.sdk/mem_test/Debug/mem_test.elf
configparams force-mem-access 0
----------------End of Script----------------

22:28:07 INFO  : Context for processor 'ps7_cortexa9_0' is selected.
22:28:07 INFO  : 'con' command is executed.
22:28:07 INFO  : ----------------XSDB Script (After Launch)----------------
targets -set -nocase -filter {name =~ "ARM*#0" && jtag_cable_name =~ "Digilent Arty Z7 003017A4C81CA"} -index 0
con
----------------End of Script----------------

22:28:07 INFO  : Launch script is exported to file 'C:\Working\MyS\lab1\lab1\lab1.sdk\.sdk\launch_scripts\xilinx_c-c++_application_(system_debugger)\system_debugger_using_debug_mem_test.elf_on_local.tcl'
22:31:25 INFO  : Disconnected from the channel tcfchan#4.
22:32:41 INFO  : Launching XSCT server: xsct.bat -interactive C:\Working\MyS\lab1\lab1\lab1.sdk\temp_xsdb_launch_script.tcl
22:32:43 INFO  : XSCT server has started successfully.
22:32:47 INFO  : Successfully done setting XSCT server connection channel  
22:32:47 INFO  : Successfully done setting SDK workspace  
22:32:49 INFO  : Registering command handlers for SDK TCF services
22:32:51 INFO  : Processing command line option -hwspec C:/Working/MyS/lab1/lab1/lab1.sdk/system_wrapper.hdf.
22:32:51 INFO  : Checking for hwspec changes in the project system_wrapper_hw_platform_0.
23:26:41 INFO  : Registering command handlers for SDK TCF services
23:26:42 INFO  : Launching XSCT server: xsct.bat -interactive C:\Working\MyS\lab1\lab1\lab1.sdk\temp_xsdb_launch_script.tcl
23:26:46 INFO  : XSCT server has started successfully.
23:26:46 INFO  : Successfully done setting XSCT server connection channel  
23:26:47 INFO  : Successfully done setting SDK workspace  
23:26:47 INFO  : Processing command line option -hwspec C:/Working/MyS/lab1/lab1/lab1.sdk/system_wrapper.hdf.
23:26:47 INFO  : Checking for hwspec changes in the project system_wrapper_hw_platform_0.
23:26:51 INFO  : SDK has detected change in the last modified timestamps for source hardware specification file Source:1726626361925,  Project:1725922373719
23:26:51 INFO  : The hardware specification for project 'system_wrapper_hw_platform_0' is different from C:/Working/MyS/lab1/lab1/lab1.sdk/system_wrapper.hdf.
23:26:51 INFO  : Copied contents of C:/Working/MyS/lab1/lab1/lab1.sdk/system_wrapper.hdf into \system_wrapper_hw_platform_0\system.hdf.
23:27:25 INFO  : Synchronizing projects in the workspace with the hardware platform specification changes.
23:27:28 INFO  : 
23:27:29 INFO  : Updating hardware inferred compiler options for mem_test.
23:27:29 INFO  : Clearing existing target manager status.
23:28:27 INFO  : Connected to target on host 'lseserver.ddns.net' and port '3121'.
23:28:27 INFO  : Device 'Digilent Arty Z7 003017A4C81CA/2-xc7z010' not found in the selected target configuration 'Servidor_Placa'
23:28:34 INFO  : Connected to target on host 'lseserver.ddns.net' and port '3121'.
23:28:34 INFO  : Device 'Digilent Arty Z7 003017A4C81CA/2-xc7z010' not found in the selected target configuration 'Servidor_Placa'
23:28:39 INFO  : Connected to target on host 'lseserver.ddns.net' and port '3121'.
23:28:39 INFO  : Device 'Digilent Arty Z7 003017A4C81CA/1-arm_dap' not found in the selected target configuration 'Servidor_Placa'
23:28:51 INFO  : Connected through redirection to target on host 'lseserver.ddns.net' and port '3121'.
23:28:51 WARN  : SDK version '2018.1' doesn't match hw_server version '2023.2'. Some debug features may not work.
23:28:54 INFO  : Jtag cable 'Digilent Arty Z7 003017A4C8ABA' is selected.
23:28:55 INFO  : 'jtag frequency' command is executed.
23:28:55 INFO  : Sourcing of 'C:/Working/MyS/lab1/lab1/lab1.sdk/system_wrapper_hw_platform_0/ps7_init.tcl' is done.
23:28:55 INFO  : Context for 'APU' is selected.
23:28:55 INFO  : Hardware design information is loaded from 'C:/Working/MyS/lab1/lab1/lab1.sdk/system_wrapper_hw_platform_0/system.hdf'.
23:28:55 INFO  : 'configparams force-mem-access 1' command is executed.
23:28:55 INFO  : Context for 'APU' is selected.
23:28:55 INFO  : 'stop' command is executed.
23:29:02 INFO  : 'ps7_init' command is executed.
23:29:02 INFO  : 'ps7_post_config' command is executed.
23:29:02 INFO  : Context for processor 'ps7_cortexa9_0' is selected.
23:29:03 INFO  : Processor reset is completed for 'ps7_cortexa9_0'.
23:29:03 INFO  : Context for processor 'ps7_cortexa9_0' is selected.
23:29:03 INFO  : The application 'C:/Working/MyS/lab1/lab1/lab1.sdk/mem_test/Debug/mem_test.elf' is downloaded to processor 'ps7_cortexa9_0'.
23:29:03 INFO  : 'configparams force-mem-access 0' command is executed.
23:29:03 INFO  : ----------------XSDB Script----------------
connect -path [list tcp::1534 tcp:lseserver.ddns.net:3121]
source C:/Working/MyS/lab1/lab1/lab1.sdk/system_wrapper_hw_platform_0/ps7_init.tcl
targets -set -nocase -filter {name =~"APU*" && jtag_cable_name =~ "Digilent Arty Z7 003017A4C8ABA"} -index 0
loadhw -hw C:/Working/MyS/lab1/lab1/lab1.sdk/system_wrapper_hw_platform_0/system.hdf -mem-ranges [list {0x40000000 0xbfffffff}]
configparams force-mem-access 1
targets -set -nocase -filter {name =~"APU*" && jtag_cable_name =~ "Digilent Arty Z7 003017A4C8ABA"} -index 0
stop
ps7_init
ps7_post_config
targets -set -nocase -filter {name =~ "ARM*#0" && jtag_cable_name =~ "Digilent Arty Z7 003017A4C8ABA"} -index 0
rst -processor
targets -set -nocase -filter {name =~ "ARM*#0" && jtag_cable_name =~ "Digilent Arty Z7 003017A4C8ABA"} -index 0
dow C:/Working/MyS/lab1/lab1/lab1.sdk/mem_test/Debug/mem_test.elf
configparams force-mem-access 0
----------------End of Script----------------

23:29:03 INFO  : Context for processor 'ps7_cortexa9_0' is selected.
23:29:03 INFO  : 'con' command is executed.
23:29:03 INFO  : ----------------XSDB Script (After Launch)----------------
targets -set -nocase -filter {name =~ "ARM*#0" && jtag_cable_name =~ "Digilent Arty Z7 003017A4C8ABA"} -index 0
con
----------------End of Script----------------

23:29:03 INFO  : Launch script is exported to file 'C:\Working\MyS\lab1\lab1\lab1.sdk\.sdk\launch_scripts\xilinx_c-c++_application_(system_debugger)\system_debugger_using_debug_mem_test.elf_on_local.tcl'
23:33:18 INFO  : Disconnected from the channel tcfchan#2.
