#-----------------------------------------------------------
# Vivado v2018.1 (64-bit)
# SW Build 2188600 on Wed Apr  4 18:40:38 MDT 2018
# IP Build 2185939 on Wed Apr  4 20:55:05 MDT 2018
# Start of session at: Tue Oct  1 22:12:16 2024
# Process ID: 21124
# Current directory: C:/Working/MyS/IP_Repo/protocheck_ip/managed_ip_project
# Command line: vivado.exe -gui_launcher_event rodinguilauncherevent26448 C:\Working\MyS\IP_Repo\protocheck_ip\managed_ip_project\managed_ip_project.xpr
# Log file: C:/Working/MyS/IP_Repo/protocheck_ip/managed_ip_project/vivado.log
# Journal file: C:/Working/MyS/IP_Repo/protocheck_ip/managed_ip_project\vivado.jou
#-----------------------------------------------------------
Sourcing tcl script 'C:/Users/gusta/AppData/Roaming/Xilinx/Vivado/Vivado_init.tcl'
start_gui
open_project C:/Working/MyS/IP_Repo/protocheck_ip/managed_ip_project/managed_ip_project.xpr
Scanning sources...
Finished scanning sources
INFO: [IP_Flow 19-234] Refreshing IP repositories
INFO: [IP_Flow 19-1700] Loaded user IP repository 'c:/Working/MyS/IP_Repo/protocheck_ip/ip_repo/protocheck_ip_1.0'.
INFO: [IP_Flow 19-2313] Loaded Vivado IP repository 'C:/Xilinx/Vivado/2018.1/data/ip'.
WARNING: [IP_Flow 19-2162] IP 'protocheck_ip_0' is locked:
* IP 'protocheck_ip_0' does not support the current project part 'xc7k70tfbv676-1'. Note that part differences may result in undefined behavior.
* IP definition 'protocheck_ip_v1.0 (1.0)' for IP 'protocheck_ip_0' (customized with software release 2018.1) has a different revision in the IP Catalog.
Please select 'Report IP Status' from the 'Tools/Report' menu or run Tcl command 'report_ip_status' for more information.
open_project: Time (s): cpu = 00:00:17 ; elapsed = 00:00:11 . Memory (MB): peak = 858.352 ; gain = 118.359
close_project
exit
INFO: [Common 17-206] Exiting Vivado at Tue Oct  1 22:14:18 2024...
